\BOOKMARK [0][-]{part.1}{\376\377\000I\000\040\227\136\166\370\133\371\213\272\221\317\133\120\122\233\133\146}{}% 1
\BOOKMARK [1][-]{section.1}{\376\377\176\277\140\047\116\343\145\160}{part.1}% 2
\BOOKMARK [2][-]{subsection.1.1}{\376\377\173\200\116\313}{section.1}% 3
\BOOKMARK [2][-]{subsection.1.2}{\376\377\124\021\221\317\172\172\225\364\124\214\133\120\172\172\225\364}{section.1}% 4
\BOOKMARK [2][-]{subsection.1.3}{\376\377\215\113\203\003\172\172\225\364}{section.1}% 5
\BOOKMARK [2][-]{subsection.1.4}{\376\377\000B\000a\000n\000a\000c\000h\172\172\225\364}{section.1}% 6
\BOOKMARK [2][-]{subsection.1.5}{\376\377\176\277\140\047\146\040\134\004}{section.1}% 7
\BOOKMARK [2][-]{subsection.1.6}{\376\377\176\277\140\047\172\172\225\364\166\204\124\014\147\204}{section.1}% 8
\BOOKMARK [2][-]{subsection.1.7}{\376\377\176\277\140\047\123\330\143\142}{section.1}% 9
\BOOKMARK [2][-]{subsection.1.8}{\376\377\000H\000i\000l\000b\000e\000r\000t\172\172\225\364}{section.1}% 10
\BOOKMARK [2][-]{subsection.1.9}{\376\377\153\143\116\244\137\122\116\000\174\373\176\337}{section.1}% 11
\BOOKMARK [1][-]{section.2}{\376\377\127\372\147\054\162\151\164\006\126\376\120\317}{part.1}% 12
\BOOKMARK [2][-]{subsection.2.1}{\376\377\176\317\121\170\122\233\133\146}{section.2}% 13
\BOOKMARK [3][-]{subsubsection.2.1.1}{\376\377\127\372\147\054\122\233\133\146\151\202\137\365}{subsection.2.1}% 14
\BOOKMARK [3][-]{subsubsection.2.1.2}{\376\377\217\320\122\250\171\357\122\006\116\016\213\372\162\171\133\232\164\006}{subsection.2.1}% 15
\BOOKMARK [3][-]{subsubsection.2.1.3}{\376\377\124\310\133\306\230\177\122\233\133\146}{subsection.2.1}% 16
\BOOKMARK [3][-]{subsubsection.2.1.4}{\376\377\154\312\147\176\142\354\123\367}{subsection.2.1}% 17
\BOOKMARK [3][-]{subsubsection.2.1.5}{\376\377\123\357\171\357\174\373\176\337}{subsection.2.1}% 18
\BOOKMARK [3][-]{subsubsection.2.1.6}{\376\377\124\310\133\306\230\177\226\305\121\113\153\324\145\271\172\013}{subsection.2.1}% 19
\BOOKMARK [2][-]{subsection.2.2}{\376\377\221\317\133\120\122\233\133\146\116\055\166\204\151\202\163\207}{section.2}% 20
\BOOKMARK [3][-]{subsubsection.2.2.1}{\376\377\123\314\177\035\136\162\155\211}{subsection.2.2}% 21
\BOOKMARK [3][-]{subsubsection.2.2.2}{\376\377\151\202\163\207\136\105}{subsection.2.2}% 22
\BOOKMARK [3][-]{subsubsection.2.2.3}{\376\377\155\113\221\317\225\356\230\230}{subsection.2.2}% 23
\BOOKMARK [2][-]{subsection.2.3}{\376\377\221\317\133\120\122\233\133\146\127\372\170\100\151\202\137\365}{section.2}% 24
\BOOKMARK [3][-]{subsubsection.2.3.1}{\376\377\221\317\133\120\140\001}{subsection.2.3}% 25
\BOOKMARK [3][-]{subsubsection.2.3.2}{\376\377\135\346\167\342\221\317}{subsection.2.3}% 26
\BOOKMARK [1][-]{section.3}{\376\377\173\227\173\046\164\006\213\272}{part.1}% 27
\BOOKMARK [2][-]{subsection.3.1}{\376\377\176\277\140\047\173\227\173\046}{section.3}% 28
\BOOKMARK [3][-]{subsubsection.3.1.1}{\376\377\176\277\140\047\173\227\173\046}{subsection.3.1}% 29
\BOOKMARK [3][-]{subsubsection.3.1.2}{\376\377\147\011\165\114\173\227\173\046\124\214\220\006\173\227\173\046}{subsection.3.1}% 30
\BOOKMARK [3][-]{subsubsection.3.1.3}{\376\377\176\303\116\140\230\230}{subsection.3.1}% 31
\BOOKMARK [2][-]{subsection.3.2}{\376\377\201\352\117\064\173\227\173\046\000\050\123\204\174\163\173\227\173\046\000\051\124\214\142\225\137\161\173\227\173\046}{section.3}% 32
\BOOKMARK [3][-]{subsubsection.3.2.1}{\376\377\201\352\117\064\173\227\173\046}{subsection.3.2}% 33
\BOOKMARK [3][-]{subsubsection.3.2.2}{\376\377\142\225\137\161\173\227\173\046}{subsection.3.2}% 34
\BOOKMARK [3][-]{subsubsection.3.2.3}{\376\377\176\303\116\140\230\230}{subsection.3.2}% 35
\BOOKMARK [2][-]{subsection.3.3}{\376\377\214\061\164\006\213\272}{section.3}% 36
\BOOKMARK [3][-]{subsubsection.3.3.1}{\376\377\173\227\173\046\166\204\214\061}{subsection.3.3}% 37
\BOOKMARK [3][-]{subsubsection.3.3.2}{\376\377\173\227\173\046\121\375\145\160\116\016\214\061\146\040\134\004\133\232\164\006}{subsection.3.3}% 38
\BOOKMARK [2][-]{subsection.3.4}{\376\377\123\357\211\302\155\113\122\233\133\146\221\317}{section.3}% 39
\BOOKMARK [1][-]{section.4}{\376\377\221\317\133\120\123\026}{part.1}% 40
\BOOKMARK [2][-]{subsection.4.1}{\376\377\127\372\147\054\162\151\164\006\133\146\221\317}{section.4}% 41
\BOOKMARK [2][-]{subsection.4.2}{\376\377\210\150\214\141\123\330\143\142\116\016\147\054\137\201\140\001}{section.4}% 42
\BOOKMARK [2][-]{subsection.4.3}{\376\377\147\116\116\130\154\325}{section.4}% 43
\BOOKMARK [2][-]{subsection.4.4}{\376\377\127\372\147\054\221\317\133\120\123\026\147\141\116\366}{section.4}% 44
\BOOKMARK [2][-]{subsection.4.5}{\376\377\116\015\170\156\133\232\121\163\174\373}{section.4}% 45
\BOOKMARK [1][-]{section.5}{\376\377\221\317\133\120\122\250\122\233\133\146}{part.1}% 46
\BOOKMARK [2][-]{subsection.5.1}{\376\377\205\233\133\232\214\024\145\271\172\013}{section.5}% 47
\BOOKMARK [3][-]{subsubsection.5.1.1}{\376\377\200\375\221\317\147\054\137\201\145\271\172\013}{subsection.5.1}% 48
\BOOKMARK [3][-]{subsubsection.5.1.2}{\376\377\151\202\163\207\155\101\133\210\140\122}{subsection.5.1}% 49
\BOOKMARK [3][-]{subsubsection.5.1.3}{\376\377\116\000\176\364\000w\000e\000l\000l\225\356\230\230\116\076\117\213}{subsection.5.1}% 50
\BOOKMARK [2][-]{subsection.5.2}{\376\377\123\125\123\302\145\160\136\172\152\041\177\244\040\024\040\024\145\366\225\364\157\024\123\026\173\227\173\046}{section.5}% 51
\BOOKMARK [2][-]{subsection.5.3}{\376\377\117\040\144\255\133\120\116\016\150\074\147\227\121\375\145\160}{section.5}% 52
\BOOKMARK [2][-]{subsection.5.4}{\376\377\122\250\122\233\133\146\126\376\120\317\040\024\040\024\205\233\133\232\214\024\126\376\120\317\060\001\155\167\150\356\130\041\126\376\120\317\060\001\162\304\142\311\121\113\126\376\120\317}{section.5}% 53
\BOOKMARK [1][-]{section.6}{\376\377\221\317\133\120\122\233\133\146\133\371\171\360\140\047}{part.1}% 54
\BOOKMARK [2][-]{subsection.6.1}{\376\377\136\163\171\373\133\371\171\360\140\047\116\016\122\250\221\317}{section.6}% 55
\BOOKMARK [2][-]{subsection.6.2}{\376\377\217\154\122\250\133\371\171\360\140\047\116\016\211\322\122\250\221\317}{section.6}% 56
\BOOKMARK [2][-]{subsection.6.3}{\376\377\147\116\177\244\147\116\116\343\145\160\123\312\121\166\210\150\171\072}{section.6}% 57
\BOOKMARK [2][-]{subsection.6.4}{\376\377\211\322\122\250\221\317\123\312\121\166\200\046\124\010}{section.6}% 58
\BOOKMARK [2][-]{subsection.6.5}{\376\377\116\015\123\357\176\246\137\040\221\317\173\227\173\046}{section.6}% 59
\BOOKMARK [1][-]{section.7}{\376\377\116\011\176\364\147\137\177\032\140\001}{part.1}% 60
\BOOKMARK [2][-]{subsection.7.1}{\376\377\156\020\217\333\122\006\147\220}{section.7}% 61
\BOOKMARK [2][-]{subsection.7.2}{\376\377\145\340\226\120\155\361\164\003\000w\000e\000l\000l}{section.7}% 62
\BOOKMARK [2][-]{subsection.7.3}{\376\377\147\011\226\120\155\361\164\003\000w\000e\000l\000l}{section.7}% 63
\BOOKMARK [2][-]{subsection.7.4}{\376\377\116\011\176\364\214\020\143\057\133\120}{section.7}% 64
\BOOKMARK [2][-]{subsection.7.5}{\376\377\154\042\123\237\133\120\116\045\150\074\211\343}{section.7}% 65
\BOOKMARK [1][-]{section.8}{\376\377\116\011\176\364\145\143\134\004\140\001}{part.1}% 66
\BOOKMARK [2][-]{subsection.8.1}{\376\377\176\317\121\170\145\143\134\004\116\016\137\256\122\006\142\052\227\142}{section.8}% 67
\BOOKMARK [2][-]{subsection.8.2}{\376\377\124\053\145\366\145\143\134\004}{section.8}% 68
\BOOKMARK [2][-]{subsection.8.3}{\376\377\000S\000-\000m\000a\000t\000r\000i\000x}{section.8}% 69
\BOOKMARK [2][-]{subsection.8.4}{\376\377\000D\000y\000s\000o\000n\121\154\137\017}{section.8}% 70
\BOOKMARK [2][-]{subsection.8.5}{\376\377\000B\000o\000r\000n\217\321\117\074}{section.8}% 71
\BOOKMARK [1][-]{section.9}{\376\377\131\032\174\222\133\120\221\317\133\120\174\373\176\337}{part.1}% 72
\BOOKMARK [2][-]{subsection.9.1}{\376\377\121\150\124\014\174\222\133\120\116\016\116\244\143\142\133\371\171\360\140\047}{section.9}% 73
\BOOKMARK [2][-]{subsection.9.2}{\376\377\177\156\143\142\177\244\116\016\147\150\126\376\060\001\147\150\173\227\133\120}{section.9}% 74
\BOOKMARK [2][-]{subsection.9.3}{\376\377\116\214\153\041\221\317\133\120\123\026}{section.9}% 75
\BOOKMARK [2][-]{subsection.9.4}{\376\377\165\065\170\301\127\072\153\143\122\031\221\317\133\120\123\026}{section.9}% 76
\BOOKMARK [2][-]{subsection.9.5}{\376\377\000C\000a\000s\000m\000i\000r\145\110\136\224}{section.9}% 77
\BOOKMARK [0][-]{part.2}{\376\377\000I\000I\000\040\166\370\133\371\213\272\221\317\133\120\122\233\133\146}{}% 78
\BOOKMARK [1][-]{section.10}{\376\377\217\336\176\355\127\072\127\372\147\054\145\271\172\013}{part.2}% 79
\BOOKMARK [2][-]{subsection.10.1}{\376\377\153\047\142\311\000-\142\311\150\074\147\027\145\345\145\271\172\013}{section.10}% 80
\BOOKMARK [2][-]{subsection.10.2}{\376\377\213\372\162\171\123\237\164\006\116\016\213\372\162\171\155\101}{section.10}% 81
\BOOKMARK [2][-]{subsection.10.3}{\376\377\121\113\203\261\126\340\000-\232\330\166\173\145\271\172\013}{section.10}% 82
\BOOKMARK [2][-]{subsection.10.4}{\376\377\121\113\203\261\126\340\000-\232\330\166\173\145\271\172\013\153\143\122\031\221\317\133\120\123\026}{section.10}% 83
\BOOKMARK [1][-]{section.11}{\376\377\155\033\117\046\121\171\177\244}{part.2}% 84
\BOOKMARK [2][-]{subsection.11.1}{\376\377\155\033\117\046\121\171\123\330\143\142}{section.11}% 85
\BOOKMARK [2][-]{subsection.11.2}{\376\377\000C\000l\000i\000f\000f\000o\000r\000d\116\343\145\160\166\204\210\150\171\072\040\024\040\024\167\351\226\065}{section.11}% 86
\BOOKMARK [2][-]{subsection.11.3}{\376\377\162\304\142\311\121\113\145\271\172\013}{section.11}% 87
\BOOKMARK [2][-]{subsection.11.4}{\376\377\162\304\142\311\121\113\145\271\172\013\153\143\122\031\221\317\133\120\123\026}{section.11}% 88
\BOOKMARK [2][-]{subsection.11.5}{\376\377\155\033\117\046\121\171\177\244\166\204\122\006\171\273\133\371\171\360\140\047\116\016\165\065\203\167\133\371\171\360\140\047\040\024\040\024\000C\000P\000T\200\124\124\010\116\015\123\330\140\047}{section.11}% 89
\BOOKMARK [1][-]{section.12}{\376\377\137\256\142\160\164\006\213\272}{part.2}% 90
\BOOKMARK [2][-]{subsection.12.1}{\376\377\000G\000e\000l\000l\000m\000a\000n\000-\000L\000o\000w\121\154\137\017\116\016\167\037\172\172}{section.12}% 91
\BOOKMARK [2][-]{subsection.12.2}{\376\377\000W\000i\000c\000k\133\232\164\006}{section.12}% 92
\BOOKMARK [2][-]{subsection.12.3}{\376\377\000F\000e\000y\000n\000m\000a\000n\126\376\116\016\215\071\146\374\211\304\122\031}{section.12}% 93
\BOOKMARK [3][-]{subsubsection.12.3.1}{\376\377\0004\166\204\215\071\146\374\211\304\122\031}{subsection.12.3}% 94
\BOOKMARK [3][-]{subsubsection.12.3.2}{\376\377\000Q\000E\000D\166\204\215\071\146\374\211\304\122\031}{subsection.12.3}% 95
\BOOKMARK [2][-]{subsection.12.4}{\376\377\142\052\227\142\116\016\000S\167\351\226\065\121\103}{section.12}% 96
\BOOKMARK [1][-]{section.13}{\376\377\150\021\126\376\213\241\173\227}{part.2}% 97
\BOOKMARK [2][-]{subsection.13.1}{\376\377\000e\000+\000e\000-\000+\000-}{section.13}% 98
\BOOKMARK [2][-]{subsection.13.2}{\376\377\136\267\146\156\230\177\145\143\134\004}{section.13}% 99
\BOOKMARK [2][-]{subsection.13.3}{\376\377\136\223\116\321\145\143\134\004}{section.13}% 100
\BOOKMARK [1][-]{section.14}{\376\377\127\010\126\376\213\241\173\227}{part.2}% 101
\BOOKMARK [2][-]{subsection.14.1}{\376\377\230\166\211\322\217\321\117\074}{section.14}% 102
\BOOKMARK [2][-]{subsection.14.2}{\376\377\217\220\134\004\117\356\153\143\000,\153\143\211\304\123\026\145\271\150\110\040\024\040\024\000P\000V\145\271\150\110}{section.14}% 103
\BOOKMARK [2][-]{subsection.14.3}{\376\377\127\072\137\072\221\315\145\164\123\026}{section.14}% 104
\BOOKMARK [2][-]{subsection.14.4}{\376\377\000L\000S\000Z\176\246\123\026\133\232\164\006}{section.14}% 105
\BOOKMARK [2][-]{subsection.14.5}{\376\377\121\111\133\146\133\232\164\006}{section.14}% 106
\BOOKMARK [2][-]{subsection.14.6}{\376\377\000W\000a\000r\000d\000-\000T\000a\000k\000a\000h\000a\000s\000h\000i\140\122\173\111\137\017}{section.14}% 107
\BOOKMARK [2][-]{subsection.14.7}{\376\377\165\065\203\167\221\315\145\164\123\026}{section.14}% 108
\BOOKMARK [0][-]{part.3}{\376\377\000I\000I\000I\000\040\211\304\203\003\164\006\213\272}{}% 109
\BOOKMARK [1][-]{section.15}{\376\377\000U\000\050\0001\000\051\211\304\203\003\164\006\213\272}{part.3}% 110
\BOOKMARK [1][-]{section.16}{\376\377\000S\000U\000\050\000n\000\051\211\304\203\003\164\006\213\272}{part.3}% 111
\BOOKMARK [2][-]{subsection.16.1}{\376\377\211\304\203\003\164\006\213\272\166\204\121\205\171\200\172\172\225\364\116\016\136\225\155\101\137\142}{section.16}% 112
\BOOKMARK [2][-]{subsection.16.2}{\376\377\211\304\203\003\201\352\165\061\116\016\176\244\176\364\116\033}{section.16}% 113
\BOOKMARK [2][-]{subsection.16.3}{\376\377\211\304\203\003\126\372\133\232\116\016\142\052\227\142}{section.16}% 114
\BOOKMARK [2][-]{subsection.16.4}{\376\377\000Y\000a\000n\000g\000-\000M\000i\000l\000l\000s\145\271\172\013}{section.16}% 115
\BOOKMARK [2][-]{subsection.16.5}{\376\377\000W\000i\000l\000s\000o\000n\127\010}{section.16}% 116
\BOOKMARK [1][-]{section.17}{\376\377\215\357\137\204\171\357\122\006\221\317\133\120\123\026}{part.3}% 117
\BOOKMARK [2][-]{subsection.17.1}{\376\377\221\317\133\120\122\233\133\146\166\204\215\357\137\204\171\357\122\006}{section.17}% 118
\BOOKMARK [2][-]{subsection.17.2}{\376\377\150\007\221\317\127\072\166\204\221\317\133\120\123\026}{section.17}% 119
\BOOKMARK [2][-]{subsection.17.3}{\376\377\000Q\000E\000D\166\204\221\317\133\120\123\026}{section.17}% 120
\BOOKMARK [2][-]{subsection.17.4}{\376\377\145\313\221\317\127\072\166\204\221\317\133\120\123\026}{section.17}% 121
\BOOKMARK [1][-]{section.18}{\376\377\000N\000o\000n\000-\000A\000b\000e\000l\211\304\203\003\127\072\221\317\133\120\123\026}{part.3}% 122
\BOOKMARK [2][-]{subsection.18.1}{\376\377\000F\000a\000d\000d\000e\000e\000v\000-\000P\000o\000p\000p\000o\000v\215\357\137\204\171\357\122\006\221\317\133\120\123\026}{section.18}% 123
\BOOKMARK [2][-]{subsection.18.2}{\376\377\233\074}{section.18}% 124
\BOOKMARK [2][-]{subsection.18.3}{\376\377\000B\000R\000S\000T\133\371\171\360\140\047}{section.18}% 125
\BOOKMARK [2][-]{subsection.18.4}{\376\377\000N\000o\000n\000-\000A\000b\000e\000l\127\072\166\204\123\125\127\010\117\356\153\143}{section.18}% 126
\BOOKMARK [2][-]{subsection.18.5}{\376\377\156\020\217\333\201\352\165\061}{section.18}% 127
\BOOKMARK [1][-]{section.19}{\376\377\221\317\133\120\202\162\122\250\122\233\133\146}{part.3}% 128
\BOOKMARK [2][-]{subsection.19.1}{\376\377\131\070\121\113\164\006\213\272}{section.19}% 129
\BOOKMARK [2][-]{subsection.19.2}{\376\377\200\366\133\120\217\220\134\004}{section.19}% 130
\BOOKMARK [2][-]{subsection.19.3}{\376\377\137\072\133\120\145\143\134\004\000:\217\173\133\120\133\371}{section.19}% 131
\BOOKMARK [1][-]{section.20}{\376\377\137\256\142\160\164\006\213\272}{part.3}% 132
\BOOKMARK [2][-]{subsection.20.1}{\376\377\116\214\176\364\142\113\137\201\155\101}{section.20}% 133
\BOOKMARK [2][-]{subsection.20.2}{\376\377\126\333\176\364\142\113\137\201\155\101}{section.20}% 134
\BOOKMARK [2][-]{subsection.20.3}{\376\377\000G\000o\000l\000d\000s\000t\000o\000n\000e\133\232\164\006}{section.20}% 135
\BOOKMARK [2][-]{subsection.20.4}{\376\377\142\113\137\201\155\101\123\315\136\070}{section.20}% 136
\BOOKMARK [1][-]{section.21}{\376\377\201\352\123\321\133\371\171\360\140\047\170\064\177\072}{part.3}% 137
\BOOKMARK [2][-]{subsection.21.1}{\376\377\000H\000i\000g\000g\000s\147\072\122\066}{section.21}% 138
\BOOKMARK [2][-]{subsection.21.2}{\376\377\137\061\166\370\116\222\117\134\165\050\166\204\000G\000l\000a\000s\000h\000o\000w\000-\000W\000e\000i\000n\000b\000e\000r\000g\000-\000S\000a\000l\000a\000m\164\006\213\272}{section.21}% 139
