\BOOKMARK [-1][-]{part.1}{\376\377\000I\000\040\227\136\166\370\133\371\213\272\221\317\133\120\122\233\133\146}{}% 1
\BOOKMARK [0][-]{chapter.1}{\376\377\176\277\140\047\116\343\145\160}{part.1}% 2
\BOOKMARK [1][-]{section.1.1}{\376\377\173\200\116\313}{chapter.1}% 3
\BOOKMARK [1][-]{section.1.2}{\376\377\124\021\221\317\172\172\225\364\124\214\133\120\172\172\225\364}{chapter.1}% 4
\BOOKMARK [1][-]{section.1.3}{\376\377\215\113\203\003\172\172\225\364}{chapter.1}% 5
\BOOKMARK [1][-]{section.1.4}{\376\377\000B\000a\000n\000a\000c\000h\172\172\225\364}{chapter.1}% 6
\BOOKMARK [1][-]{section.1.5}{\376\377\176\277\140\047\146\040\134\004}{chapter.1}% 7
\BOOKMARK [1][-]{section.1.6}{\376\377\176\277\140\047\172\172\225\364\166\204\124\014\147\204}{chapter.1}% 8
\BOOKMARK [1][-]{section.1.7}{\376\377\176\277\140\047\123\330\143\142}{chapter.1}% 9
\BOOKMARK [1][-]{section.1.8}{\376\377\000H\000i\000l\000b\000e\000r\000t\172\172\225\364}{chapter.1}% 10
\BOOKMARK [1][-]{section.1.9}{\376\377\153\143\116\244\137\122\116\000\174\373\176\337}{chapter.1}% 11
\BOOKMARK [0][-]{chapter.2}{\376\377\127\372\147\054\162\151\164\006\126\376\120\317}{part.1}% 12
\BOOKMARK [1][-]{section.2.1}{\376\377\176\317\121\170\122\233\133\146}{chapter.2}% 13
\BOOKMARK [2][-]{subsection.2.1.1}{\376\377\127\372\147\054\122\233\133\146\151\202\137\365}{section.2.1}% 14
\BOOKMARK [2][-]{subsection.2.1.2}{\376\377\217\320\122\250\171\357\122\006\116\016\213\372\162\171\133\232\164\006}{section.2.1}% 15
\BOOKMARK [2][-]{subsection.2.1.3}{\376\377\124\310\133\306\230\177\122\233\133\146}{section.2.1}% 16
\BOOKMARK [2][-]{subsection.2.1.4}{\376\377\154\312\147\176\142\354\123\367}{section.2.1}% 17
\BOOKMARK [2][-]{subsection.2.1.5}{\376\377\123\357\171\357\174\373\176\337}{section.2.1}% 18
\BOOKMARK [2][-]{subsection.2.1.6}{\376\377\124\310\133\306\230\177\226\305\121\113\153\324\145\271\172\013}{section.2.1}% 19
\BOOKMARK [1][-]{section.2.2}{\376\377\221\317\133\120\122\233\133\146\116\055\166\204\151\202\163\207}{chapter.2}% 20
\BOOKMARK [2][-]{subsection.2.2.1}{\376\377\123\314\177\035\136\162\155\211}{section.2.2}% 21
\BOOKMARK [2][-]{subsection.2.2.2}{\376\377\151\202\163\207\136\105}{section.2.2}% 22
\BOOKMARK [2][-]{subsection.2.2.3}{\376\377\155\113\221\317\225\356\230\230}{section.2.2}% 23
\BOOKMARK [1][-]{section.2.3}{\376\377\221\317\133\120\122\233\133\146\127\372\170\100\151\202\137\365}{chapter.2}% 24
\BOOKMARK [2][-]{subsection.2.3.1}{\376\377\221\317\133\120\140\001}{section.2.3}% 25
\BOOKMARK [2][-]{subsection.2.3.2}{\376\377\135\346\167\342\221\317}{section.2.3}% 26
\BOOKMARK [0][-]{chapter.3}{\376\377\173\227\173\046\164\006\213\272}{part.1}% 27
\BOOKMARK [1][-]{section.3.1}{\376\377\176\277\140\047\173\227\173\046}{chapter.3}% 28
\BOOKMARK [2][-]{subsection.3.1.1}{\376\377\176\277\140\047\173\227\173\046}{section.3.1}% 29
\BOOKMARK [2][-]{subsection.3.1.2}{\376\377\147\011\165\114\173\227\173\046\124\214\220\006\173\227\173\046}{section.3.1}% 30
\BOOKMARK [2][-]{subsection.3.1.3}{\376\377\176\303\116\140\230\230}{section.3.1}% 31
\BOOKMARK [1][-]{section.3.2}{\376\377\201\352\117\064\173\227\173\046\000\050\123\204\174\163\173\227\173\046\000\051\124\214\142\225\137\161\173\227\173\046}{chapter.3}% 32
\BOOKMARK [2][-]{subsection.3.2.1}{\376\377\201\352\117\064\173\227\173\046}{section.3.2}% 33
\BOOKMARK [2][-]{subsection.3.2.2}{\376\377\142\225\137\161\173\227\173\046}{section.3.2}% 34
\BOOKMARK [2][-]{subsection.3.2.3}{\376\377\176\303\116\140\230\230}{section.3.2}% 35
\BOOKMARK [1][-]{section.3.3}{\376\377\214\061\164\006\213\272}{chapter.3}% 36
\BOOKMARK [2][-]{subsection.3.3.1}{\376\377\173\227\173\046\166\204\214\061}{section.3.3}% 37
\BOOKMARK [2][-]{subsection.3.3.2}{\376\377\173\227\173\046\121\375\145\160\116\016\214\061\146\040\134\004\133\232\164\006}{section.3.3}% 38
\BOOKMARK [2][-]{subsection.3.3.3}{\376\377\116\140\230\230}{section.3.3}% 39
\BOOKMARK [1][-]{section.3.4}{\376\377\123\357\211\302\155\113\122\233\133\146\221\317}{chapter.3}% 40
\BOOKMARK [2][-]{subsection.3.4.1}{\376\377\122\233\133\146\221\317\120\107\213\276}{section.3.4}% 41
\BOOKMARK [2][-]{subsection.3.4.2}{\376\377\155\113\221\317\120\107\213\276}{section.3.4}% 42
\BOOKMARK [2][-]{subsection.3.4.3}{\376\377\176\337\213\241\133\146\211\343\221\312}{section.3.4}% 43
\BOOKMARK [2][-]{subsection.3.4.4}{\376\377\122\233\133\146\221\317\166\204\166\370\133\271\140\047}{section.3.4}% 44
\BOOKMARK [2][-]{subsection.3.4.5}{\376\377\116\015\170\156\133\232\121\163\174\373}{section.3.4}% 45
\BOOKMARK [2][-]{subsection.3.4.6}{\376\377\116\140\230\230}{section.3.4}% 46
\BOOKMARK [1][-]{section.3.5}{\376\377\173\227\173\046\133\371\146\023\121\163\174\373}{chapter.3}% 47
\BOOKMARK [2][-]{subsection.3.5.1}{\376\377\116\140\230\230}{section.3.5}% 48
\BOOKMARK [0][-]{chapter.4}{\376\377\221\317\133\120\123\026\116\016\210\150\214\141}{part.1}% 49
\BOOKMARK [1][-]{section.4.1}{\376\377\127\372\147\054\221\317\133\120\123\026\147\141\116\366}{chapter.4}% 50
\BOOKMARK [1][-]{section.4.2}{\376\377\116\000\153\041\221\317\133\120\123\026}{chapter.4}% 51
\BOOKMARK [2][-]{subsection.4.2.1}{\376\377\116\140\230\230}{section.4.2}% 52
\BOOKMARK [1][-]{section.4.3}{\376\377\210\150\214\141\164\006\213\272}{chapter.4}% 53
\BOOKMARK [2][-]{subsection.4.3.1}{\376\377\221\317\133\120\140\001\166\204\210\150\214\141}{section.4.3}% 54
\BOOKMARK [2][-]{subsection.4.3.2}{\376\377\173\227\173\046\166\204\210\150\214\141}{section.4.3}% 55
\BOOKMARK [2][-]{subsection.4.3.3}{\376\377\210\150\214\141\123\330\143\142}{section.4.3}% 56
\BOOKMARK [2][-]{subsection.4.3.4}{\376\377\127\120\150\007\210\150\214\141}{section.4.3}% 57
\BOOKMARK [2][-]{subsection.4.3.5}{\376\377\122\250\221\317\210\150\214\141}{section.4.3}% 58
\BOOKMARK [0][-]{chapter.5}{\376\377\221\317\133\120\122\250\122\233\133\146}{part.1}% 59
\BOOKMARK [1][-]{section.5.1}{\376\377\205\233\133\232\214\024\145\271\172\013}{chapter.5}% 60
\BOOKMARK [2][-]{subsection.5.1.1}{\376\377\200\375\221\317\147\054\137\201\145\271\172\013}{section.5.1}% 61
\BOOKMARK [2][-]{subsection.5.1.2}{\376\377\151\202\163\207\155\101\133\210\140\122}{section.5.1}% 62
\BOOKMARK [2][-]{subsection.5.1.3}{\376\377\116\000\176\364\000w\000e\000l\000l\225\356\230\230\116\076\117\213}{section.5.1}% 63
\BOOKMARK [1][-]{section.5.2}{\376\377\123\125\123\302\145\160\136\172\152\041\177\244\040\024\040\024\145\366\225\364\157\024\123\026\173\227\173\046}{chapter.5}% 64
\BOOKMARK [1][-]{section.5.3}{\376\377\117\040\144\255\133\120\116\016\150\074\147\227\121\375\145\160}{chapter.5}% 65
\BOOKMARK [1][-]{section.5.4}{\376\377\122\250\122\233\133\146\126\376\120\317\040\024\040\024\205\233\133\232\214\024\126\376\120\317\060\001\155\167\150\356\130\041\126\376\120\317\060\001\162\304\142\311\121\113\126\376\120\317}{chapter.5}% 66
\BOOKMARK [0][-]{chapter.6}{\376\377\221\317\133\120\122\233\133\146\133\371\171\360\140\047}{part.1}% 67
\BOOKMARK [1][-]{section.6.1}{\376\377\136\163\171\373\133\371\171\360\140\047\116\016\122\250\221\317}{chapter.6}% 68
\BOOKMARK [1][-]{section.6.2}{\376\377\217\154\122\250\133\371\171\360\140\047\116\016\211\322\122\250\221\317}{chapter.6}% 69
\BOOKMARK [1][-]{section.6.3}{\376\377\147\116\177\244\147\116\116\343\145\160\123\312\121\166\210\150\171\072}{chapter.6}% 70
\BOOKMARK [1][-]{section.6.4}{\376\377\211\322\122\250\221\317\123\312\121\166\200\046\124\010}{chapter.6}% 71
\BOOKMARK [1][-]{section.6.5}{\376\377\116\015\123\357\176\246\137\040\221\317\173\227\173\046}{chapter.6}% 72
\BOOKMARK [0][-]{chapter.7}{\376\377\116\011\176\364\147\137\177\032\140\001}{part.1}% 73
\BOOKMARK [1][-]{section.7.1}{\376\377\156\020\217\333\122\006\147\220}{chapter.7}% 74
\BOOKMARK [1][-]{section.7.2}{\376\377\145\340\226\120\155\361\164\003\000w\000e\000l\000l}{chapter.7}% 75
\BOOKMARK [1][-]{section.7.3}{\376\377\147\011\226\120\155\361\164\003\000w\000e\000l\000l}{chapter.7}% 76
\BOOKMARK [1][-]{section.7.4}{\376\377\116\011\176\364\214\020\143\057\133\120}{chapter.7}% 77
\BOOKMARK [1][-]{section.7.5}{\376\377\154\042\123\237\133\120\116\045\150\074\211\343}{chapter.7}% 78
\BOOKMARK [0][-]{chapter.8}{\376\377\116\011\176\364\145\143\134\004\140\001}{part.1}% 79
\BOOKMARK [1][-]{section.8.1}{\376\377\116\313\176\315}{chapter.8}% 80
\BOOKMARK [2][-]{subsection.8.1.1}{\376\377\176\317\121\170\145\143\134\004\116\016\137\256\122\006\142\052\227\142}{section.8.1}% 81
\BOOKMARK [2][-]{subsection.8.1.2}{\376\377\221\317\133\120\145\143\134\004\154\342}{section.8.1}% 82
\BOOKMARK [1][-]{section.8.2}{\376\377\124\053\145\366\145\143\134\004}{chapter.8}% 83
\BOOKMARK [2][-]{subsection.8.2.1}{\376\377\121\145\134\004\121\372\134\004\140\001\166\204\217\321\117\074}{section.8.2}% 84
\BOOKMARK [2][-]{subsection.8.2.2}{\376\377\000M\000o\000l\000l\000e\000r\173\227\133\120}{section.8.2}% 85
\BOOKMARK [2][-]{subsection.8.2.3}{\376\377\000M\000o\000l\000l\000e\000r\173\227\133\120\166\204\140\047\215\050}{section.8.2}% 86
\BOOKMARK [2][-]{subsection.8.2.4}{\376\377\000S\167\351\226\065}{section.8.2}% 87
\BOOKMARK [2][-]{subsection.8.2.5}{\376\377\145\143\134\004\143\057\136\105}{section.8.2}% 88
\BOOKMARK [2][-]{subsection.8.2.6}{\376\377\221\317\133\120\145\143\134\004\142\052\227\142}{section.8.2}% 89
\BOOKMARK [2][-]{subsection.8.2.7}{\376\377\221\317\133\120\145\143\134\004\142\052\227\142\213\241\173\227}{section.8.2}% 90
\BOOKMARK [2][-]{subsection.8.2.8}{\376\377\121\111\133\146\133\232\164\006}{section.8.2}% 91
\BOOKMARK [1][-]{section.8.3}{\376\377\145\340\201\352\145\313\174\222\133\120\116\044\117\123\145\143\134\004}{chapter.8}% 92
\BOOKMARK [2][-]{subsection.8.3.1}{\376\377\116\044\117\123\154\342\121\375\145\160}{section.8.3}% 93
\BOOKMARK [2][-]{subsection.8.3.2}{\376\377\116\044\117\123\000S\167\351\226\065}{section.8.3}% 94
\BOOKMARK [2][-]{subsection.8.3.3}{\376\377\000T\167\351\226\065}{section.8.3}% 95
\BOOKMARK [2][-]{subsection.8.3.4}{\376\377\124\004\171\315\123\302\200\003\174\373\116\013\166\204\142\052\227\142}{section.8.3}% 96
\BOOKMARK [1][-]{section.8.4}{\376\377\201\352\145\313\174\222\133\120\116\044\117\123\145\143\134\004}{chapter.8}% 97
\BOOKMARK [2][-]{subsection.8.4.1}{\376\377\201\352\145\313\174\222\133\120\166\204\000H\000i\000l\000b\000e\000r\000t\172\172\225\364}{section.8.4}% 98
\BOOKMARK [2][-]{subsection.8.4.2}{\376\377\201\352\145\313\174\222\133\120\166\204\000S\173\227\133\120}{section.8.4}% 99
\BOOKMARK [2][-]{subsection.8.4.3}{\376\377\145\143\134\004\143\057\136\105\124\214\145\143\134\004\167\351\226\065}{section.8.4}% 100
\BOOKMARK [2][-]{subsection.8.4.4}{\376\377\201\352\145\313\154\102\124\214}{section.8.4}% 101
\BOOKMARK [2][-]{subsection.8.4.5}{\376\377\145\313\221\317\166\204\121\145\134\004\121\372\134\004}{section.8.4}% 102
\BOOKMARK [1][-]{section.8.5}{\376\377\000D\000y\000s\000o\000n\121\154\137\017}{chapter.8}% 103
\BOOKMARK [1][-]{section.8.6}{\376\377\000B\000o\000r\000n\217\321\117\074}{chapter.8}% 104
\BOOKMARK [0][-]{chapter.9}{\376\377\131\032\174\222\133\120\221\317\133\120\174\373\176\337}{part.1}% 105
\BOOKMARK [1][-]{section.9.1}{\376\377\121\150\124\014\174\222\133\120\116\016\116\244\143\142\133\371\171\360\140\047}{chapter.9}% 106
\BOOKMARK [1][-]{section.9.2}{\376\377\177\156\143\142\177\244\116\016\147\150\126\376\060\001\147\150\173\227\133\120}{chapter.9}% 107
\BOOKMARK [1][-]{section.9.3}{\376\377\116\214\153\041\221\317\133\120\123\026}{chapter.9}% 108
\BOOKMARK [1][-]{section.9.4}{\376\377\165\065\170\301\127\072\153\143\122\031\221\317\133\120\123\026}{chapter.9}% 109
\BOOKMARK [1][-]{section.9.5}{\376\377\000C\000a\000s\000m\000i\000r\145\110\136\224}{chapter.9}% 110
\BOOKMARK [-1][-]{part.2}{\376\377\000I\000I\000\040\166\370\133\371\213\272\221\317\133\120\122\233\133\146}{}% 111
\BOOKMARK [0][-]{chapter.10}{\376\377\217\336\176\355\127\072\127\372\147\054\145\271\172\013}{part.2}% 112
\BOOKMARK [1][-]{section.10.1}{\376\377\153\047\142\311\000-\142\311\150\074\147\027\145\345\145\271\172\013}{chapter.10}% 113
\BOOKMARK [1][-]{section.10.2}{\376\377\213\372\162\171\123\237\164\006\116\016\213\372\162\171\155\101}{chapter.10}% 114
\BOOKMARK [1][-]{section.10.3}{\376\377\121\113\203\261\126\340\000-\232\330\166\173\145\271\172\013}{chapter.10}% 115
\BOOKMARK [1][-]{section.10.4}{\376\377\121\113\203\261\126\340\000-\232\330\166\173\145\271\172\013\153\143\122\031\221\317\133\120\123\026}{chapter.10}% 116
\BOOKMARK [0][-]{chapter.11}{\376\377\155\033\117\046\121\171\177\244}{part.2}% 117
\BOOKMARK [1][-]{section.11.1}{\376\377\155\033\117\046\121\171\123\330\143\142}{chapter.11}% 118
\BOOKMARK [1][-]{section.11.2}{\376\377\000C\000l\000i\000f\000f\000o\000r\000d\116\343\145\160\166\204\210\150\171\072\040\024\040\024\167\351\226\065}{chapter.11}% 119
\BOOKMARK [1][-]{section.11.3}{\376\377\162\304\142\311\121\113\145\271\172\013}{chapter.11}% 120
\BOOKMARK [1][-]{section.11.4}{\376\377\162\304\142\311\121\113\145\271\172\013\153\143\122\031\221\317\133\120\123\026}{chapter.11}% 121
\BOOKMARK [1][-]{section.11.5}{\376\377\155\033\117\046\121\171\177\244\166\204\122\006\171\273\133\371\171\360\140\047\116\016\165\065\203\167\133\371\171\360\140\047\040\024\040\024\000C\000P\000T\200\124\124\010\116\015\123\330\140\047}{chapter.11}% 122
\BOOKMARK [0][-]{chapter.12}{\376\377\137\256\142\160\164\006\213\272}{part.2}% 123
\BOOKMARK [1][-]{section.12.1}{\376\377\000G\000e\000l\000l\000m\000a\000n\000-\000L\000o\000w\121\154\137\017\116\016\167\037\172\172}{chapter.12}% 124
\BOOKMARK [1][-]{section.12.2}{\376\377\000W\000i\000c\000k\133\232\164\006}{chapter.12}% 125
\BOOKMARK [1][-]{section.12.3}{\376\377\000F\000e\000y\000n\000m\000a\000n\126\376\116\016\215\071\146\374\211\304\122\031}{chapter.12}% 126
\BOOKMARK [2][-]{subsection.12.3.1}{\376\377\0004\166\204\215\071\146\374\211\304\122\031}{section.12.3}% 127
\BOOKMARK [2][-]{subsection.12.3.2}{\376\377\000Q\000E\000D\166\204\215\071\146\374\211\304\122\031}{section.12.3}% 128
\BOOKMARK [1][-]{section.12.4}{\376\377\142\052\227\142\116\016\000S\167\351\226\065\121\103}{chapter.12}% 129
\BOOKMARK [0][-]{chapter.13}{\376\377\150\021\126\376\213\241\173\227}{part.2}% 130
\BOOKMARK [1][-]{section.13.1}{\376\377\000e\000+\000e\000-\000+\000-}{chapter.13}% 131
\BOOKMARK [1][-]{section.13.2}{\376\377\136\267\146\156\230\177\145\143\134\004}{chapter.13}% 132
\BOOKMARK [1][-]{section.13.3}{\376\377\136\223\116\321\145\143\134\004}{chapter.13}% 133
\BOOKMARK [0][-]{chapter.14}{\376\377\127\010\126\376\213\241\173\227}{part.2}% 134
\BOOKMARK [1][-]{section.14.1}{\376\377\230\166\211\322\217\321\117\074}{chapter.14}% 135
\BOOKMARK [1][-]{section.14.2}{\376\377\217\220\134\004\117\356\153\143\000,\153\143\211\304\123\026\145\271\150\110\040\024\040\024\000P\000V\145\271\150\110}{chapter.14}% 136
\BOOKMARK [1][-]{section.14.3}{\376\377\127\072\137\072\221\315\145\164\123\026}{chapter.14}% 137
\BOOKMARK [1][-]{section.14.4}{\376\377\000L\000S\000Z\176\246\123\026\133\232\164\006}{chapter.14}% 138
\BOOKMARK [1][-]{section.14.5}{\376\377\121\111\133\146\133\232\164\006}{chapter.14}% 139
\BOOKMARK [1][-]{section.14.6}{\376\377\000W\000a\000r\000d\000-\000T\000a\000k\000a\000h\000a\000s\000h\000i\140\122\173\111\137\017}{chapter.14}% 140
\BOOKMARK [1][-]{section.14.7}{\376\377\165\065\203\167\221\315\145\164\123\026}{chapter.14}% 141
\BOOKMARK [-1][-]{part.3}{\376\377\000I\000I\000I\000\040\211\304\203\003\164\006\213\272}{}% 142
\BOOKMARK [0][-]{chapter.15}{\376\377\000U\000\050\0001\000\051\211\304\203\003\164\006\213\272}{part.3}% 143
\BOOKMARK [0][-]{chapter.16}{\376\377\000S\000U\000\050\000n\000\051\211\304\203\003\164\006\213\272}{part.3}% 144
\BOOKMARK [1][-]{section.16.1}{\376\377\211\304\203\003\164\006\213\272\166\204\121\205\171\200\172\172\225\364\116\016\136\225\155\101\137\142}{chapter.16}% 145
\BOOKMARK [1][-]{section.16.2}{\376\377\211\304\203\003\201\352\165\061\116\016\176\244\176\364\116\033}{chapter.16}% 146
\BOOKMARK [1][-]{section.16.3}{\376\377\211\304\203\003\126\372\133\232\116\016\142\052\227\142}{chapter.16}% 147
\BOOKMARK [1][-]{section.16.4}{\376\377\000Y\000a\000n\000g\000-\000M\000i\000l\000l\000s\145\271\172\013}{chapter.16}% 148
\BOOKMARK [1][-]{section.16.5}{\376\377\000W\000i\000l\000s\000o\000n\127\010}{chapter.16}% 149
\BOOKMARK [0][-]{chapter.17}{\376\377\215\357\137\204\171\357\122\006\221\317\133\120\123\026}{part.3}% 150
\BOOKMARK [1][-]{section.17.1}{\376\377\221\317\133\120\122\233\133\146\166\204\215\357\137\204\171\357\122\006}{chapter.17}% 151
\BOOKMARK [1][-]{section.17.2}{\376\377\150\007\221\317\127\072\166\204\221\317\133\120\123\026}{chapter.17}% 152
\BOOKMARK [1][-]{section.17.3}{\376\377\000Q\000E\000D\166\204\221\317\133\120\123\026}{chapter.17}% 153
\BOOKMARK [1][-]{section.17.4}{\376\377\145\313\221\317\127\072\166\204\221\317\133\120\123\026}{chapter.17}% 154
\BOOKMARK [0][-]{chapter.18}{\376\377\000N\000o\000n\000-\000A\000b\000e\000l\211\304\203\003\127\072\221\317\133\120\123\026}{part.3}% 155
\BOOKMARK [1][-]{section.18.1}{\376\377\000F\000a\000d\000d\000e\000e\000v\000-\000P\000o\000p\000p\000o\000v\215\357\137\204\171\357\122\006\221\317\133\120\123\026}{chapter.18}% 156
\BOOKMARK [1][-]{section.18.2}{\376\377\233\074}{chapter.18}% 157
\BOOKMARK [1][-]{section.18.3}{\376\377\000B\000R\000S\000T\133\371\171\360\140\047}{chapter.18}% 158
\BOOKMARK [1][-]{section.18.4}{\376\377\000N\000o\000n\000-\000A\000b\000e\000l\127\072\166\204\123\125\127\010\117\356\153\143}{chapter.18}% 159
\BOOKMARK [1][-]{section.18.5}{\376\377\156\020\217\333\201\352\165\061}{chapter.18}% 160
\BOOKMARK [0][-]{chapter.19}{\376\377\221\317\133\120\202\162\122\250\122\233\133\146}{part.3}% 161
\BOOKMARK [1][-]{section.19.1}{\376\377\131\070\121\113\164\006\213\272}{chapter.19}% 162
\BOOKMARK [1][-]{section.19.2}{\376\377\200\366\133\120\217\220\134\004}{chapter.19}% 163
\BOOKMARK [1][-]{section.19.3}{\376\377\137\072\133\120\145\143\134\004\000:\217\173\133\120\133\371}{chapter.19}% 164
\BOOKMARK [0][-]{chapter.20}{\376\377\137\256\142\160\164\006\213\272}{part.3}% 165
\BOOKMARK [1][-]{section.20.1}{\376\377\116\214\176\364\142\113\137\201\155\101}{chapter.20}% 166
\BOOKMARK [1][-]{section.20.2}{\376\377\126\333\176\364\142\113\137\201\155\101}{chapter.20}% 167
\BOOKMARK [1][-]{section.20.3}{\376\377\000G\000o\000l\000d\000s\000t\000o\000n\000e\133\232\164\006}{chapter.20}% 168
\BOOKMARK [1][-]{section.20.4}{\376\377\142\113\137\201\155\101\123\315\136\070}{chapter.20}% 169
\BOOKMARK [0][-]{chapter.21}{\376\377\201\352\123\321\133\371\171\360\140\047\170\064\177\072}{part.3}% 170
\BOOKMARK [1][-]{section.21.1}{\376\377\000H\000i\000g\000g\000s\147\072\122\066}{chapter.21}% 171
\BOOKMARK [1][-]{section.21.2}{\376\377\137\061\166\370\116\222\117\134\165\050\166\204\000G\000l\000a\000s\000h\000o\000w\000-\000W\000e\000i\000n\000b\000e\000r\000g\000-\000S\000a\000l\000a\000m\164\006\213\272}{chapter.21}% 172
