\BOOKMARK [0][-]{chapter.1}{\376\377\221\317\133\120\122\233\133\146\124\214\127\372\147\054\221\317\133\120\127\072\213\272}{}% 1
\BOOKMARK [1][-]{section.1.1}{\376\377\123\125\117\123\221\317\133\120\122\233\133\146}{chapter.1}% 2
\BOOKMARK [1][-]{section.1.2}{\376\377\131\032\117\123\221\317\133\120\122\233\133\146}{chapter.1}% 3
\BOOKMARK [1][-]{section.1.3}{\376\377\122\250\122\233\133\146\123\237\164\006\124\214\213\372\162\171\123\237\164\006}{chapter.1}% 4
\BOOKMARK [1][-]{section.1.4}{\376\377\165\065\170\301\127\072\221\317\133\120\123\026}{chapter.1}% 5
\BOOKMARK [0][-]{chapter.2}{\376\377\215\357\137\204\171\357\122\006\221\317\133\120\123\026}{}% 6
\BOOKMARK [1][-]{section.2.1}{\376\377\123\125\174\222\133\120\221\317\133\120\122\233\133\146\124\214\215\357\137\204\171\357\122\006}{chapter.2}% 7
\BOOKMARK [1][-]{section.2.2}{\376\377\163\273\202\162\133\120\166\204\215\357\137\204\171\357\122\006}{chapter.2}% 8
\BOOKMARK [1][-]{section.2.3}{\376\377\215\071\174\163\133\120\166\204\215\357\137\204\171\357\122\006}{chapter.2}% 9
\BOOKMARK [1][-]{section.2.4}{\376\377\211\304\203\003\127\072\215\357\137\204\171\357\122\006}{chapter.2}% 10
\BOOKMARK [1][-]{section.2.5}{\376\377\201\352\145\313\174\373\176\337\166\204\215\357\137\204\171\357\122\006}{chapter.2}% 11
\BOOKMARK [0][-]{chapter.3}{\376\377\166\370\123\330\124\214\133\371\171\360\140\047\170\064\177\072}{}% 12
\BOOKMARK [1][-]{section.3.1}{\376\377\201\352\123\321\133\371\171\360\140\047\170\064\177\072}{chapter.3}% 13
\BOOKMARK [1][-]{section.3.2}{\376\377\000G\000o\000l\000d\000s\000t\000o\000n\000e\152\041\137\017}{chapter.3}% 14
\BOOKMARK [1][-]{section.3.3}{\376\377\000K\000T\166\370\123\330}{chapter.3}% 15
\BOOKMARK [1][-]{section.3.4}{\376\377\150\074\160\271\211\304\203\003\164\006\213\272\124\214\175\047\225\355\225\356\230\230}{chapter.3}% 16
\BOOKMARK [0][-]{chapter.4}{\376\377\127\072\213\272\117\213\133\120}{}% 17
\BOOKMARK [1][-]{section.4.1}{\376\377\000R\000P\000A\217\321\117\074}{chapter.4}% 18
\BOOKMARK [1][-]{section.4.2}{\376\377\215\205\155\101\166\204\154\342\142\010\165\131\154\342\131\053\164\006\213\272}{chapter.4}% 19
\BOOKMARK [0][-]{chapter.5}{\376\377\215\205\133\374\225\356\230\230}{}% 20
\BOOKMARK [1][-]{section.5.1}{\376\377\215\205\133\374\124\214\215\357\137\204\171\357\122\006}{chapter.5}% 21
\BOOKMARK [1][-]{section.5.2}{\376\377\176\246\164\137\131\053\176\323}{chapter.5}% 22
\BOOKMARK [1][-]{section.5.3}{\376\377\116\214\176\364\221\317\133\120\155\241\145\313\116\055\166\204\215\205\133\374\040\024\040\024\176\335\177\030\166\370\123\330}{chapter.5}% 23
\BOOKMARK [0][-]{chapter.6}{\376\377\221\317\133\120\227\015\134\024\155\262\117\123\124\214\000C\000h\000e\000r\000n\000-\000S\000i\000m\000o\000n\000s\211\304\203\003\127\072}{}% 24
\BOOKMARK [1][-]{section.6.1}{\376\377\116\214\176\364\165\065\133\120\174\373\176\337}{chapter.6}% 25
\BOOKMARK [1][-]{section.6.2}{\376\377\221\317\133\120\227\015\134\024\155\262\117\123\166\204\147\011\145\110\164\006\213\272}{chapter.6}% 26
\BOOKMARK [1][-]{section.6.3}{\376\377\000L\000a\000u\000g\000h\000l\000i\000n\154\342\121\375\145\160\166\204\143\250\133\374}{chapter.6}% 27
