\BOOKMARK [1][-]{section.1}{\376\377\000F\000u\000n\000c\000t\000i\000o\000n\000a\000l\000\040\000d\000i\000f\000f\000e\000r\000e\000n\000t\000i\000a\000t\000i\000o\000n}{}% 1
\BOOKMARK [1][-]{section.2}{\376\377\000C\000o\000m\000p\000u\000t\000e\000\040\000p\000a\000t\000h\000\040\000i\000n\000t\000e\000g\000r\000a\000l}{}% 2
\BOOKMARK [2][-]{subsection.2.1}{\376\377\000D\000i\000s\000c\000r\000e\000t\000e\000\040\000c\000o\000m\000p\000u\000t\000e}{section.2}% 3
\BOOKMARK [2][-]{subsection.2.2}{\376\377\000C\000o\000n\000t\000i\000n\000u\000e\000\040\000c\000o\000m\000p\000u\000t\000e}{section.2}% 4
\BOOKMARK [1][-]{section.3}{\376\377\000L\000i\000n\000e\000a\000r\000\040\000r\000e\000s\000p\000o\000n\000s\000e}{}% 5
\BOOKMARK [2][-]{subsection.3.1}{\376\377\000F\000o\000r\000m\000u\000l\000a\000\040\0002\000.\0002\000.\0009}{section.3}% 6
\BOOKMARK [2][-]{subsection.3.2}{\376\377\000T\000h\000e\000\040\000h\000a\000r\000m\000o\000n\000i\000c\000\040\000o\000s\000c\000i\000l\000l\000a\000t\000o\000r}{section.3}% 7
\BOOKMARK [1][-]{section.4}{\376\377\000p\000e\000r\000t\000u\000r\000b\000a\000t\000i\000o\000n}{}% 8
\BOOKMARK [2][-]{subsection.4.1}{\376\377\000i\000n\000t\000e\000r\000a\000c\000t\000i\000o\000n\000\040\000p\000i\000c\000t\000u\000r\000e}{section.4}% 9
\BOOKMARK [2][-]{subsection.4.2}{\376\377\000e\000x\000e\000r\000c\000i\000s\000e\000s}{section.4}% 10
\BOOKMARK [1][-]{section.5}{\376\377\000T\000h\000e\000\040\000r\000e\000l\000a\000t\000i\000o\000n\000\040\000o\000f\000\040\000c\000o\000r\000e\000l\000a\000t\000i\000o\000n\000\040\000f\000u\000n\000c\000t\000i\000o\000n}{}% 11
\BOOKMARK [1][-]{section.6}{\376\377\167\254\133\120}{}% 12
\BOOKMARK [1][-]{section.7}{\376\377\000i\000n\000t\000e\000r\000a\000c\000t\000i\000o\000n\000\040\000B\000o\000s\000o\000n\000\040\000s\000y\000s\000t\000e\000m}{}% 13
\BOOKMARK [2][-]{subsection.7.1}{\376\377\000F\000r\000e\000e\000d\000o\000m\000\040\000B\000o\000s\000o\000n\000\040\000s\000y\000s\000t\000e\000m}{section.7}% 14
\BOOKMARK [2][-]{subsection.7.2}{\376\377\000P\000r\000a\000c\000t\000i\000c\000e}{section.7}% 15
\BOOKMARK [1][-]{section.8}{\376\377\215\205\155\101\215\135\122\277\164\006\213\272}{}% 16
\BOOKMARK [1][-]{section.9}{\376\377\215\205\155\101\136\163\127\107\127\072}{}% 17
\BOOKMARK [1][-]{section.10}{\376\377\166\370\116\222\117\134\165\050\163\273\202\162\133\120\174\373\176\337\215\357\137\204\171\357\122\006}{}% 18
\BOOKMARK [1][-]{section.11}{\376\377\117\116\200\375\157\300\123\321\147\011\145\110\164\006\213\272}{}% 19
\BOOKMARK [1][-]{section.12}{\376\377\117\116\200\375\157\300\123\321\166\204\121\306\174\222\133\120}{}% 20
\BOOKMARK [1][-]{section.13}{\376\377\201\352\123\321\133\371\171\360\140\047\170\064\177\072}{}% 21
\BOOKMARK [1][-]{section.14}{\376\377\176\277\140\047\152\041\137\017}{}% 22
\BOOKMARK [2][-]{subsection.14.1}{\376\377\000G\000o\000l\000d\000s\000t\000o\000n\000e\133\232\164\006}{section.14}% 23
\BOOKMARK [1][-]{section.15}{\376\377\147\011\226\120\174\373\176\337\166\204\201\352\123\321\133\371\171\360\140\047\170\064\177\072}{}% 24
