\BOOKMARK [1][-]{section.1}{\376\377\133\371\171\360\140\047}{}% 1
\BOOKMARK [2][-]{subsection.1.1}{\376\377\145\366\225\364\123\315\157\024\133\371\171\360}{section.1}% 2
\BOOKMARK [2][-]{subsection.1.2}{\376\377\174\222\133\120\000-\172\172\172\164\133\371\171\360\000P\000H\000S}{section.1}% 3
\BOOKMARK [2][-]{subsection.1.3}{\376\377\142\113\137\201\133\371\171\360\140\047\000/\133\120\150\074\133\371\171\360\140\047}{section.1}% 4
\BOOKMARK [2][-]{subsection.1.4}{\376\377\000B\000d\000G\174\373\176\337}{section.1}% 5
\BOOKMARK [3][-]{subsubsection.1.4.1}{\376\377\000C\000l\000a\000s\000s\000\040\000D}{subsection.1.4}% 6
\BOOKMARK [3][-]{subsubsection.1.4.2}{\376\377\000C\000l\000a\000s\000s\000\040\000D\000I\000I\000I}{subsection.1.4}% 7
\BOOKMARK [3][-]{subsubsection.1.4.3}{\376\377\000C\000l\000a\000s\000s\000\040\000A\124\214\000A\000I\000I\000I}{subsection.1.4}% 8
\BOOKMARK [3][-]{subsubsection.1.4.4}{\376\377\000C\000l\000a\000s\000s\000\040\000C\124\214\000C\000l\000a\000s\000s\000\040\000C\000I}{subsection.1.4}% 9
\BOOKMARK [2][-]{subsection.1.5}{\376\377\123\101\221\315\133\371\171\360\174\173}{section.1}% 10
\BOOKMARK [1][-]{section.2}{\376\377\133\214\121\150\147\011\200\375\226\231\166\204\201\352\165\061\215\071\174\163\133\120\174\373\176\337\124\214\142\323\142\121\177\072\226\167}{}% 11
\BOOKMARK [2][-]{subsection.2.1}{\376\377\147\011\200\375\226\231\166\204\201\352\165\061\215\071\174\163\133\120\174\373\176\337\124\214\142\323\142\121\177\072\226\167\166\204\123\101\221\315\133\371\171\360\174\173}{section.2}% 12
\BOOKMARK [3][-]{subsubsection.2.1.1}{\376\377\147\011\200\375\226\231\166\204\201\352\165\061\215\071\174\163\133\120\174\373\176\337}{subsection.2.1}% 13
\BOOKMARK [3][-]{subsubsection.2.1.2}{\376\377\142\323\142\121\177\072\226\167}{subsection.2.1}% 14
\BOOKMARK [2][-]{subsection.2.2}{\376\377\142\323\142\121\116\015\123\330\221\317}{section.2}% 15
\BOOKMARK [3][-]{subsubsection.2.2.1}{\376\377\000s\116\072\120\166\145\160\166\204\131\107\174\373\377\032\000C\000h\000e\000r\000n\145\160}{subsection.2.2}% 16
\BOOKMARK [4][-]{paragraph.2.2.1.1}{\376\377\117\213\133\120\377\032\116\214\176\364\000C\000l\000a\000s\000s\000\040\000A\221\317\133\120\123\315\136\070\227\015\134\024\145\110\136\224}{subsubsection.2.2.1}% 17
\BOOKMARK [3][-]{subsubsection.2.2.2}{\376\377\000s\116\072\131\107\145\160\166\204\127\372\170\100\174\373\377\032\177\040\176\325\145\160}{subsection.2.2}% 18
\BOOKMARK [3][-]{subsubsection.2.2.3}{\376\377\000s\116\072\131\107\145\160\166\204\127\372\170\100\174\373\377\032\000C\000h\000e\000r\000n\000-\000S\000i\000m\000o\000n\000s}{subsection.2.2}% 19
\BOOKMARK [4][-]{paragraph.2.2.3.1}{\376\377\117\213\133\120\377\032\116\000\176\364\000C\000l\000a\000s\000s\000\040\000A\000I\000I\000I\200\132\124\010\162\151}{subsubsection.2.2.3}% 20
\BOOKMARK [4][-]{paragraph.2.2.3.2}{\376\377\0003\176\364\000C\000l\000a\000s\000s\000\040\000D\000I\000I\000I\377\032\0003\000H\000e\000-\000B}{subsubsection.2.2.3}% 21
\BOOKMARK [3][-]{subsubsection.2.2.4}{\376\377\000s\116\072\120\166\145\160\166\204\173\054\116\000\116\343\000Z\0002}{subsection.2.2}% 22
\BOOKMARK [4][-]{paragraph.2.2.4.1}{\376\377\116\000\176\364\000C\000l\000a\000s\000s\000\040\000D}{subsubsection.2.2.4}% 23
\BOOKMARK [4][-]{paragraph.2.2.4.2}{\376\377\000C\000l\000a\000s\000s\000\040\000D\166\204\000K\000i\000t\000a\000e\000v\224\376}{subsubsection.2.2.4}% 24
\BOOKMARK [4][-]{paragraph.2.2.4.3}{\376\377\116\011\176\364\000C\000l\000a\000s\000s\000\040\000A\000I\000I}{subsubsection.2.2.4}% 25
\BOOKMARK [3][-]{subsubsection.2.2.5}{\376\377\000s\116\072\120\166\166\204\173\054\116\214\116\343\000Z\0002}{subsection.2.2}% 26
\BOOKMARK [4][-]{paragraph.2.2.5.1}{\376\377\0002\176\364\000C\000l\000a\000s\000s\000\040\000A\000I\000I}{subsubsection.2.2.5}% 27
\BOOKMARK [3][-]{subsubsection.2.2.6}{\376\377\000s\116\072\131\107\145\160\166\204\173\054\116\000\116\343\000Z\0002}{subsection.2.2}% 28
\BOOKMARK [4][-]{paragraph.2.2.6.1}{\376\377\116\214\176\364\000C\000l\000a\000s\000s\000\040\000D\000I\000I\000I}{subsubsection.2.2.6}% 29
\BOOKMARK [3][-]{subsubsection.2.2.7}{\376\377\133\371\116\216\000s\116\072\131\107\145\160\166\204\173\054\116\214\116\343\000Z\0002}{subsection.2.2}% 30
\BOOKMARK [4][-]{paragraph.2.2.7.1}{\376\377\116\000\176\364\000C\000l\000a\000s\000s\000\040\000D\000I\000I\000I}{subsubsection.2.2.7}% 31
\BOOKMARK [2][-]{subsection.2.3}{\376\377\000K\164\006\213\272}{section.2}% 32
\BOOKMARK [3][-]{subsubsection.2.3.1}{\376\377\162\304\142\311\121\113\215\050\221\317\226\231\166\204\124\014\117\046\122\006\174\173}{subsection.2.3}% 33
\BOOKMARK [4][-]{paragraph.2.3.1.1}{\376\377\000d\000=\0002\000,\000d\000=\0001\116\055\166\204\000C\000l\000a\000s\000s\000\040\000A}{subsubsection.2.3.1}% 34
\BOOKMARK [4][-]{paragraph.2.3.1.2}{\376\377\000C\000l\000a\000s\000s\000\040\000A\000I\000I\000I}{subsubsection.2.3.1}% 35
\BOOKMARK [4][-]{paragraph.2.3.1.3}{\376\377\000d\000=\0000\000,\0001\000,\0002\166\204\000C\000l\000a\000s\000s\000\040\000D}{subsubsection.2.3.1}% 36
\BOOKMARK [4][-]{paragraph.2.3.1.4}{\376\377\140\073\176\323}{subsubsection.2.3.1}% 37
\BOOKMARK [2][-]{subsection.2.4}{\376\377\177\072\226\167\000K\164\006\213\272}{section.2}% 38
