\BOOKMARK [0][-]{part.1}{\376\377\000I\000\040\142\323\142\121\176\335\177\030\117\123\124\214\142\323\142\121\215\205\155\101\117\123}{}% 1
\BOOKMARK [1][-]{section.1}{\376\377\162\304\142\311\121\113\145\271\172\013}{part.1}% 2
\BOOKMARK [2][-]{subsection.1.1}{\376\377\162\304\142\311\121\113\145\271\172\013}{section.1}% 3
\BOOKMARK [2][-]{subsection.1.2}{\376\377\147\137\177\032\140\001\211\343}{section.1}% 4
\BOOKMARK [3][-]{subsubsection.1.2.1}{\376\377\000J\000a\000c\000k\000i\000w\000-\000R\000e\000b\000b\000i\166\204\116\000\176\364\211\343}{subsection.1.2}% 5
\BOOKMARK [3][-]{subsubsection.1.2.2}{\376\377\116\214\176\364\174\373\176\337}{subsection.1.2}% 6
\BOOKMARK [3][-]{subsubsection.1.2.3}{\376\377\116\011\176\364\124\214\146\364\232\330\176\364}{subsection.1.2}% 7
\BOOKMARK [2][-]{subsection.1.3}{\376\377\116\072\117\125\116\015\146\057\162\304\142\311\121\113\145\271\172\013}{section.1}% 8
\BOOKMARK [2][-]{subsection.1.4}{\376\377\162\304\142\311\121\113\145\271\172\013\166\204\116\214\153\041\117\356\153\143}{section.1}% 9
\BOOKMARK [2][-]{subsection.1.5}{\376\377\117\356\153\143\162\304\142\311\121\113\145\271\172\013\166\204\147\137\177\032\140\001\211\343}{section.1}% 10
\BOOKMARK [2][-]{subsection.1.6}{\376\377\116\000\176\364\377\032\147\053\172\357\140\001}{section.1}% 11
\BOOKMARK [3][-]{subsubsection.1.6.1}{\376\377\116\214\176\364\377\032\142\113\137\201\217\271\177\030\140\001}{subsection.1.6}% 12
\BOOKMARK [3][-]{subsubsection.1.6.2}{\376\377\116\011\176\364\140\305\121\265\377\032\210\150\227\142\140\001}{subsection.1.6}% 13
\BOOKMARK [1][-]{section.2}{\376\377\142\323\142\121\176\335\177\030\117\123\166\204\147\000\134\017\146\166\150\074\152\041\127\213}{part.1}% 14
\BOOKMARK [2][-]{subsection.2.1}{\376\377\175\047\147\137\177\032\217\321\117\074}{section.2}% 15
\BOOKMARK [2][-]{subsection.2.2}{\376\377\116\316\217\336\176\355\122\060\146\166\150\074\174\373\176\337}{section.2}% 16
\BOOKMARK [2][-]{subsection.2.3}{\376\377\116\000\176\364\146\166\150\074}{section.2}% 17
\BOOKMARK [2][-]{subsection.2.4}{\376\377\116\214\176\364\146\166\150\074\152\041\127\213}{section.2}% 18
\BOOKMARK [3][-]{subsubsection.2.4.1}{\376\377\145\164\145\160\227\015\134\024\145\110\136\224}{subsection.2.4}% 19
\BOOKMARK [3][-]{subsubsection.2.4.2}{\376\377\221\317\133\120\201\352\145\313\227\015\134\024\145\110\136\224}{subsection.2.4}% 20
\BOOKMARK [2][-]{subsection.2.5}{\376\377\116\011\176\364\146\166\150\074\152\041\127\213}{section.2}% 21
\BOOKMARK [2][-]{subsection.2.6}{\376\377\145\366\225\364\123\315\157\024\116\015\123\330\122\250\221\317\160\271\166\204\133\207\171\360\000T\000R\000I\000M}{section.2}% 22
\BOOKMARK [3][-]{subsubsection.2.6.1}{\376\377\116\000\176\364\146\166\150\074}{subsection.2.6}% 23
\BOOKMARK [3][-]{subsubsection.2.6.2}{\376\377\116\214\176\364\152\041\127\213}{subsection.2.6}% 24
\BOOKMARK [3][-]{subsubsection.2.6.3}{\376\377\116\011\176\364\146\166\150\074}{subsection.2.6}% 25
\BOOKMARK [1][-]{section.3}{\376\377\142\323\142\121\116\015\123\330\221\317}{part.1}% 26
\BOOKMARK [2][-]{subsection.3.1}{\376\377\136\003\155\033\215\153\164\006\213\272}{section.3}% 27
\BOOKMARK [2][-]{subsection.3.2}{\376\377\000B\000e\000r\000r\000y\166\370\117\115}{section.3}% 28
\BOOKMARK [2][-]{subsection.3.3}{\376\377\176\335\160\355\217\223\217\320\213\241\173\227\221\317\133\120\227\015\134\024\165\065\133\374\124\214\000C\000h\000e\000r\000n\145\160}{section.3}% 29
\BOOKMARK [2][-]{subsection.3.4}{\376\377\142\323\142\121\136\163\136\046\213\241\173\227\227\015\134\024\165\065\133\374\124\214\000C\000h\000e\000r\000n\145\160}{section.3}% 30
\BOOKMARK [3][-]{subsubsection.3.4.1}{\376\377\155\101\173\227\173\046}{subsection.3.4}% 31
\BOOKMARK [3][-]{subsubsection.3.4.2}{\376\377\217\336\176\355\145\271\172\013\137\227\122\060\155\101\173\227\173\046}{subsection.3.4}% 32
\BOOKMARK [3][-]{subsubsection.3.4.3}{\376\377\000P\000e\000i\000e\000r\000l\000s\146\377\143\142\137\227\122\060\155\101\173\227\173\046}{subsection.3.4}% 33
\BOOKMARK [3][-]{subsubsection.3.4.4}{\376\377\131\026\127\072\116\013\166\204\176\277\140\047\124\315\136\224}{subsection.3.4}% 34
\BOOKMARK [3][-]{subsubsection.3.4.5}{\376\377\155\250\204\075\200\027\145\143\133\232\164\006}{subsection.3.4}% 35
\BOOKMARK [3][-]{subsubsection.3.4.6}{\376\377\147\011\226\120\156\051\136\246\150\074\147\227\121\375\145\160}{subsection.3.4}% 36
\BOOKMARK [3][-]{subsubsection.3.4.7}{\376\377\165\065\155\101\000-\165\065\155\101\121\163\200\124\121\375\145\160\124\214\165\065\133\374}{subsection.3.4}% 37
\BOOKMARK [3][-]{subsubsection.3.4.8}{\376\377\227\015\134\024\165\065\133\374\166\204\213\241\173\227}{subsection.3.4}% 38
\BOOKMARK [3][-]{subsubsection.3.4.9}{\376\377\124\310\133\306\230\177\133\371\211\322\123\026\116\345\123\312\136\163\136\046\127\372}{subsection.3.4}% 39
\BOOKMARK [2][-]{subsection.3.5}{\376\377\137\252\163\257\176\335\160\355\157\024\123\026\116\055\166\204\147\201\123\026\137\072\136\246}{section.3}% 40
\BOOKMARK [2][-]{subsection.3.6}{\376\377\000T\000h\000o\000u\000l\000e\000s\000s\165\065\203\167\154\365}{section.3}% 41
\BOOKMARK [2][-]{subsection.3.7}{\376\377\000F\000u\000-\000K\000a\000n\000e\154\365\155\146}{section.3}% 42
\BOOKMARK [2][-]{subsection.3.8}{\376\377\145\164\145\160\227\015\134\024\145\110\136\224\377\032\000L\000a\000u\000g\000h\000l\000i\000n\000\040\000a\000r\000g\000u\000m\000e\000n\000t}{section.3}% 43
\BOOKMARK [2][-]{subsection.3.9}{\376\377\145\366\225\364\123\315\157\024\173\227\173\046}{section.3}% 44
\BOOKMARK [2][-]{subsection.3.10}{\376\377\145\366\225\364\123\315\157\024\133\371\171\360\124\214\000Z\0002\143\007\150\007}{section.3}% 45
\BOOKMARK [2][-]{subsection.3.11}{\376\377\116\214\176\364\142\026\116\011\176\364\166\204\143\250\136\177}{section.3}% 46
\BOOKMARK [2][-]{subsection.3.12}{\376\377\117\356\153\143\162\304\142\311\121\113\145\271\172\013\166\204\166\370\126\376}{section.3}% 47
\BOOKMARK [1][-]{section.4}{\376\377\116\000\176\364\142\323\142\121\166\370}{part.1}% 48
\BOOKMARK [2][-]{subsection.4.1}{\376\377\000S\000S\000H\152\041\127\213}{section.4}% 49
\BOOKMARK [2][-]{subsection.4.2}{\376\377\227\136\123\204\174\163\000S\000S\000H}{section.4}% 50
\BOOKMARK [2][-]{subsection.4.3}{\376\377\142\323\142\121\224\301\170\301\162\151\215\050}{section.4}% 51
\BOOKMARK [1][-]{section.5}{\376\377\0001\000-\000D\000/\0002\000-\000D\142\323\142\121\215\205\155\101}{part.1}% 52
\BOOKMARK [2][-]{subsection.5.1}{\376\377\000p\154\342\215\205\133\374}{section.5}% 53
\BOOKMARK [2][-]{subsection.5.2}{\376\377\116\000\176\364\000p\154\342\215\205\133\374}{section.5}% 54
\BOOKMARK [3][-]{subsubsection.5.2.1}{\376\377\0001\000-\000D\000\040\000p\154\342\215\205\133\374}{subsection.5.2}% 55
\BOOKMARK [3][-]{subsubsection.5.2.2}{\376\377\0002\000-\000D\000\040\000p\000+\000i\000p\154\342\215\205\133\374}{subsection.5.2}% 56
\BOOKMARK [2][-]{subsection.5.3}{\376\377\116\000\202\054\215\205\155\101\221\115\133\371}{section.5}% 57
\BOOKMARK [0][-]{part.2}{\376\377\000I\000I\000\040\142\323\142\121\122\006\174\173}{}% 58
\BOOKMARK [1][-]{section.6}{\376\377\133\371\171\360\140\047}{part.2}% 59
\BOOKMARK [2][-]{subsection.6.1}{\376\377\145\366\225\364\123\315\157\024\133\371\171\360}{section.6}% 60
\BOOKMARK [2][-]{subsection.6.2}{\376\377\174\222\133\120\000-\172\172\172\164\133\371\171\360\000P\000H\000S}{section.6}% 61
\BOOKMARK [2][-]{subsection.6.3}{\376\377\142\113\137\201\133\371\171\360\140\047\000/\133\120\150\074\133\371\171\360\140\047}{section.6}% 62
\BOOKMARK [2][-]{subsection.6.4}{\376\377\000B\000d\000G\174\373\176\337}{section.6}% 63
\BOOKMARK [3][-]{subsubsection.6.4.1}{\376\377\000C\000l\000a\000s\000s\000\040\000D}{subsection.6.4}% 64
\BOOKMARK [3][-]{subsubsection.6.4.2}{\376\377\000C\000l\000a\000s\000s\000\040\000D\000I\000I\000I}{subsection.6.4}% 65
\BOOKMARK [3][-]{subsubsection.6.4.3}{\376\377\000C\000l\000a\000s\000s\000\040\000A\124\214\000A\000I\000I\000I}{subsection.6.4}% 66
\BOOKMARK [3][-]{subsubsection.6.4.4}{\376\377\000C\000l\000a\000s\000s\000\040\000C\124\214\000C\000l\000a\000s\000s\000\040\000C\000I}{subsection.6.4}% 67
\BOOKMARK [2][-]{subsection.6.5}{\376\377\123\101\221\315\133\371\171\360\174\173}{section.6}% 68
\BOOKMARK [1][-]{section.7}{\376\377\133\214\121\150\147\011\200\375\226\231\166\204\201\352\165\061\215\071\174\163\133\120\174\373\176\337\124\214\142\323\142\121\177\072\226\167}{part.2}% 69
\BOOKMARK [2][-]{subsection.7.1}{\376\377\147\011\200\375\226\231\166\204\201\352\165\061\215\071\174\163\133\120\174\373\176\337\124\214\142\323\142\121\177\072\226\167\166\204\123\101\221\315\133\371\171\360\174\173}{section.7}% 70
\BOOKMARK [3][-]{subsubsection.7.1.1}{\376\377\147\011\200\375\226\231\166\204\201\352\165\061\215\071\174\163\133\120\174\373\176\337}{subsection.7.1}% 71
\BOOKMARK [3][-]{subsubsection.7.1.2}{\376\377\142\323\142\121\177\072\226\167}{subsection.7.1}% 72
\BOOKMARK [2][-]{subsection.7.2}{\376\377\142\323\142\121\116\015\123\330\221\317}{section.7}% 73
\BOOKMARK [3][-]{subsubsection.7.2.1}{\376\377\000s\116\072\120\166\145\160\166\204\131\107\174\373\377\032\000C\000h\000e\000r\000n\145\160}{subsection.7.2}% 74
\BOOKMARK [4][-]{paragraph.7.2.1.1}{\376\377\117\213\133\120\377\032\116\214\176\364\000C\000l\000a\000s\000s\000\040\000A\221\317\133\120\123\315\136\070\227\015\134\024\145\110\136\224}{subsubsection.7.2.1}% 75
\BOOKMARK [3][-]{subsubsection.7.2.2}{\376\377\000s\116\072\131\107\145\160\166\204\127\372\170\100\174\373\377\032\177\040\176\325\145\160}{subsection.7.2}% 76
\BOOKMARK [3][-]{subsubsection.7.2.3}{\376\377\000s\116\072\131\107\145\160\166\204\127\372\170\100\174\373\377\032\000C\000h\000e\000r\000n\000-\000S\000i\000m\000o\000n\000s}{subsection.7.2}% 77
\BOOKMARK [4][-]{paragraph.7.2.3.1}{\376\377\117\213\133\120\377\032\116\000\176\364\000C\000l\000a\000s\000s\000\040\000A\000I\000I\000I\200\132\124\010\162\151}{subsubsection.7.2.3}% 78
\BOOKMARK [4][-]{paragraph.7.2.3.2}{\376\377\0003\176\364\000C\000l\000a\000s\000s\000\040\000D\000I\000I\000I\377\032\0003\000H\000e\000-\000B}{subsubsection.7.2.3}% 79
\BOOKMARK [3][-]{subsubsection.7.2.4}{\376\377\000s\116\072\120\166\145\160\166\204\173\054\116\000\116\343\000Z\0002}{subsection.7.2}% 80
\BOOKMARK [4][-]{paragraph.7.2.4.1}{\376\377\116\000\176\364\000C\000l\000a\000s\000s\000\040\000D}{subsubsection.7.2.4}% 81
\BOOKMARK [4][-]{paragraph.7.2.4.2}{\376\377\000C\000l\000a\000s\000s\000\040\000D\166\204\000K\000i\000t\000a\000e\000v\224\376}{subsubsection.7.2.4}% 82
\BOOKMARK [4][-]{paragraph.7.2.4.3}{\376\377\116\011\176\364\000C\000l\000a\000s\000s\000\040\000A\000I\000I}{subsubsection.7.2.4}% 83
\BOOKMARK [3][-]{subsubsection.7.2.5}{\376\377\000s\116\072\120\166\166\204\173\054\116\214\116\343\000Z\0002}{subsection.7.2}% 84
\BOOKMARK [4][-]{paragraph.7.2.5.1}{\376\377\0002\176\364\000C\000l\000a\000s\000s\000\040\000A\000I\000I}{subsubsection.7.2.5}% 85
\BOOKMARK [3][-]{subsubsection.7.2.6}{\376\377\000s\116\072\131\107\145\160\166\204\173\054\116\000\116\343\000Z\0002}{subsection.7.2}% 86
\BOOKMARK [4][-]{paragraph.7.2.6.1}{\376\377\116\214\176\364\000C\000l\000a\000s\000s\000\040\000D\000I\000I\000I}{subsubsection.7.2.6}% 87
\BOOKMARK [3][-]{subsubsection.7.2.7}{\376\377\133\371\116\216\000s\116\072\131\107\145\160\166\204\173\054\116\214\116\343\000Z\0002}{subsection.7.2}% 88
\BOOKMARK [4][-]{paragraph.7.2.7.1}{\376\377\116\000\176\364\000C\000l\000a\000s\000s\000\040\000D\000I\000I\000I}{subsubsection.7.2.7}% 89
\BOOKMARK [2][-]{subsection.7.3}{\376\377\000K\164\006\213\272}{section.7}% 90
\BOOKMARK [3][-]{subsubsection.7.3.1}{\376\377\162\304\142\311\121\113\215\050\221\317\226\231\166\204\124\014\117\046\122\006\174\173}{subsection.7.3}% 91
\BOOKMARK [4][-]{paragraph.7.3.1.1}{\376\377\000d\000=\0002\000,\000d\000=\0001\116\055\166\204\000C\000l\000a\000s\000s\000\040\000A}{subsubsection.7.3.1}% 92
