This is XeTeX, Version 3.141592653-2.6-0.999993 (TeX Live 2021/W32TeX) (preloaded format=xelatex 2022.1.19)  31 MAR 2022 20:13
entering extended mode
 restricted \write18 enabled.
 file:line:error style messages enabled.
 %&-line parsing enabled.
**"non-hermitian topological invariant"
(./non-hermitian topological invariant.tex
LaTeX2e <2020-10-01> patch level 4
L3 programming layer <2021-02-18> (c:/texlive/2021/texmf-dist/tex/latex/base/article.cls
Document Class: article 2020/04/10 v1.4m Standard LaTeX document class
(c:/texlive/2021/texmf-dist/tex/latex/base/size10.clo
File: size10.clo 2020/04/10 v1.4m Standard LaTeX file (size option)
)
\c@part=\count175
\c@section=\count176
\c@subsection=\count177
\c@subsubsection=\count178
\c@paragraph=\count179
\c@subparagraph=\count180
\c@figure=\count181
\c@table=\count182
\abovecaptionskip=\skip47
\belowcaptionskip=\skip48
\bibindent=\dimen138
) (c:/texlive/2021/texmf-dist/tex/latex/amsmath/amsmath.sty
Package: amsmath 2020/09/23 v2.17i AMS math features
\@mathmargin=\skip49

For additional information on amsmath, use the `?' option.
(c:/texlive/2021/texmf-dist/tex/latex/amsmath/amstext.sty
Package: amstext 2000/06/29 v2.01 AMS text
 (c:/texlive/2021/texmf-dist/tex/latex/amsmath/amsgen.sty
File: amsgen.sty 1999/11/30 v2.0 generic functions
\@emptytoks=\toks15
\ex@=\dimen139
)) (c:/texlive/2021/texmf-dist/tex/latex/amsmath/amsbsy.sty
Package: amsbsy 1999/11/29 v1.2d Bold Symbols
\pmbraise@=\dimen140
) (c:/texlive/2021/texmf-dist/tex/latex/amsmath/amsopn.sty
Package: amsopn 2016/03/08 v2.02 operator names
)
\inf@bad=\count183
LaTeX Info: Redefining \frac on input line 234.
\uproot@=\count184
\leftroot@=\count185
LaTeX Info: Redefining \overline on input line 399.
\classnum@=\count186
\DOTSCASE@=\count187
LaTeX Info: Redefining \ldots on input line 496.
LaTeX Info: Redefining \dots on input line 499.
LaTeX Info: Redefining \cdots on input line 620.
\Mathstrutbox@=\box47
\strutbox@=\box48
\big@size=\dimen141
LaTeX Font Info:    Redeclaring font encoding OML on input line 743.
LaTeX Font Info:    Redeclaring font encoding OMS on input line 744.
\macc@depth=\count188
\c@MaxMatrixCols=\count189
\dotsspace@=\muskip16
\c@parentequation=\count190
\dspbrk@lvl=\count191
\tag@help=\toks16
\row@=\count192
\column@=\count193
\maxfields@=\count194
\andhelp@=\toks17
\eqnshift@=\dimen142
\alignsep@=\dimen143
\tagshift@=\dimen144
\tagwidth@=\dimen145
\totwidth@=\dimen146
\lineht@=\dimen147
\@envbody=\toks18
\multlinegap=\skip50
\multlinetaggap=\skip51
\mathdisplay@stack=\toks19
LaTeX Info: Redefining \[ on input line 2923.
LaTeX Info: Redefining \] on input line 2924.
) (c:/texlive/2021/texmf-dist/tex/latex/tools/bm.sty
Package: bm 2019/07/24 v1.2d Bold Symbol Support (DPC/FMi)
\symboldoperators=\mathgroup4
\symboldletters=\mathgroup5
\symboldsymbols=\mathgroup6
LaTeX Font Info:    Redeclaring math alphabet \mathbf on input line 141.
LaTeX Info: Redefining \bm on input line 209.
) (c:/texlive/2021/texmf-dist/tex/latex/ctex/ctex.sty (c:/texlive/2021/texmf-dist/tex/latex/l3kernel/expl3.sty
Package: expl3 2021-02-18 L3 programming layer (loader) 
 (c:/texlive/2021/texmf-dist/tex/latex/l3backend/l3backend-xetex.def
File: l3backend-xetex.def 2021-03-18 L3 backend support: XeTeX
 (|extractbb --version)
\c__kernel_sys_dvipdfmx_version_int=\count195
\l__color_backend_stack_int=\count196
\g__color_backend_stack_int=\count197
\g__graphics_track_int=\count198
\l__pdf_internal_box=\box49
\g__pdf_backend_object_int=\count199
\g__pdf_backend_annotation_int=\count266
\g__pdf_backend_link_int=\count267
))
Package: ctex 2021/03/14 v2.5.6 Chinese adapter in LaTeX (CTEX)
 (c:/texlive/2021/texmf-dist/tex/latex/l3packages/xparse/xparse.sty (c:/texlive/2021/texmf-dist/tex/latex/l3packages/xparse/xparse-2020-10-01.sty (c:/texlive/2021/texmf-dist/tex/latex/l3packages/xparse/xparse-generic.tex))) (c:/texlive/2021/texmf-dist/tex/latex/l3packages/l3keys2e/l3keys2e.sty
Package: l3keys2e 2021-03-12 LaTeX2e option processing using LaTeX3 keys
) (c:/texlive/2021/texmf-dist/tex/latex/ctex/ctexhook.sty
Package: ctexhook 2021/03/14 v2.5.6 Document and package hooks (CTEX)
) (c:/texlive/2021/texmf-dist/tex/latex/ctex/ctexpatch.sty
Package: ctexpatch 2021/03/14 v2.5.6 Patching commands (CTEX)
) (c:/texlive/2021/texmf-dist/tex/latex/base/fix-cm.sty
Package: fix-cm 2015/01/14 v1.1t fixes to LaTeX
 (c:/texlive/2021/texmf-dist/tex/latex/base/ts1enc.def
File: ts1enc.def 2001/06/05 v3.0e (jk/car/fm) Standard LaTeX file
LaTeX Font Info:    Redeclaring font encoding TS1 on input line 47.
)) (c:/texlive/2021/texmf-dist/tex/latex/everysel/everysel.sty
Package: everysel 2021/01/20 v2.1 EverySelectfont Package (MS)
 (c:/texlive/2021/texmf-dist/tex/latex/everysel/everysel-2011-10-28.sty))
\l__ctex_tmp_int=\count268
\l__ctex_tmp_box=\box50
\l__ctex_tmp_dim=\dimen148
\g__ctex_section_depth_int=\count269
\g__ctex_font_size_int=\count270
 (c:/texlive/2021/texmf-dist/tex/latex/ctex/config/ctexopts.cfg
File: ctexopts.cfg 2021/03/14 v2.5.6 Option configuration file (CTEX)
) (c:/texlive/2021/texmf-dist/tex/latex/ctex/engine/ctex-engine-xetex.def
File: ctex-engine-xetex.def 2021/03/14 v2.5.6 XeLaTeX adapter (CTEX)
 (c:/texlive/2021/texmf-dist/tex/xelatex/xecjk/xeCJK.sty
Package: xeCJK 2020/10/19 v3.8.6 Typesetting CJK scripts with XeLaTeX
 (c:/texlive/2021/texmf-dist/tex/latex/l3packages/xtemplate/xtemplate.sty
Package: xtemplate 2021-03-12 L3 Experimental prototype document functions
\l__xtemplate_tmp_dim=\dimen149
\l__xtemplate_tmp_int=\count271
\l__xtemplate_tmp_muskip=\muskip17
\l__xtemplate_tmp_skip=\skip52
)
\l__xeCJK_tmp_int=\count272
\l__xeCJK_tmp_box=\box51
\l__xeCJK_tmp_dim=\dimen150
\l__xeCJK_tmp_skip=\skip53
\g__xeCJK_space_factor_int=\count273
\l__xeCJK_begin_int=\count274
\l__xeCJK_end_int=\count275
\c__xeCJK_CJK_class_int=\XeTeXcharclass1
\c__xeCJK_FullLeft_class_int=\XeTeXcharclass2
\c__xeCJK_FullRight_class_int=\XeTeXcharclass3
\c__xeCJK_HalfLeft_class_int=\XeTeXcharclass4
\c__xeCJK_HalfRight_class_int=\XeTeXcharclass5
\c__xeCJK_NormalSpace_class_int=\XeTeXcharclass6
\c__xeCJK_CM_class_int=\XeTeXcharclass7
\c__xeCJK_HangulJamo_class_int=\XeTeXcharclass8
\l__xeCJK_last_skip=\skip54
\g__xeCJK_node_int=\count276
\c__xeCJK_CJK_node_dim=\dimen151
\c__xeCJK_CJK-space_node_dim=\dimen152
\c__xeCJK_default_node_dim=\dimen153
\c__xeCJK_default-space_node_dim=\dimen154
\c__xeCJK_CJK-widow_node_dim=\dimen155
\c__xeCJK_normalspace_node_dim=\dimen156
\l__xeCJK_ccglue_skip=\skip55
\l__xeCJK_ecglue_skip=\skip56
\l__xeCJK_punct_kern_skip=\skip57
\l__xeCJK_last_penalty_int=\count277
\l__xeCJK_last_bound_dim=\dimen157
\l__xeCJK_last_kern_dim=\dimen158
\l__xeCJK_widow_penalty_int=\count278

Package xtemplate Info: Declaring object type 'xeCJK/punctuation' taking 0
(xtemplate)             argument(s) on line 2341.

\l__xeCJK_fixed_punct_width_dim=\dimen159
\l__xeCJK_mixed_punct_width_dim=\dimen160
\l__xeCJK_middle_punct_width_dim=\dimen161
\l__xeCJK_fixed_margin_width_dim=\dimen162
\l__xeCJK_mixed_margin_width_dim=\dimen163
\l__xeCJK_middle_margin_width_dim=\dimen164
\l__xeCJK_bound_punct_width_dim=\dimen165
\l__xeCJK_bound_margin_width_dim=\dimen166
\l__xeCJK_margin_minimum_dim=\dimen167
\l__xeCJK_kerning_total_width_dim=\dimen168
\l__xeCJK_same_align_margin_dim=\dimen169
\l__xeCJK_different_align_margin_dim=\dimen170
\l__xeCJK_kerning_margin_width_dim=\dimen171
\l__xeCJK_kerning_margin_minimum_dim=\dimen172
\l__xeCJK_bound_dim=\dimen173
\l__xeCJK_reverse_bound_dim=\dimen174
\l__xeCJK_margin_dim=\dimen175
\l__xeCJK_minimum_bound_dim=\dimen176
\l__xeCJK_kerning_margin_dim=\dimen177
\g__xeCJK_family_int=\count279
\l__xeCJK_fam_int=\count280
\g__xeCJK_fam_allocation_int=\count281
\l__xeCJK_verb_case_int=\count282
\l__xeCJK_verb_exspace_skip=\skip58
 (c:/texlive/2021/texmf-dist/tex/latex/fontspec/fontspec.sty
Package: fontspec 2020/02/21 v2.7i Font selection for XeLaTeX and LuaLaTeX
 (c:/texlive/2021/texmf-dist/tex/latex/fontspec/fontspec-xetex.sty
Package: fontspec-xetex 2020/02/21 v2.7i Font selection for XeLaTeX and LuaLaTeX
\l__fontspec_script_int=\count283
\l__fontspec_language_int=\count284
\l__fontspec_strnum_int=\count285
\l__fontspec_tmp_int=\count286
\l__fontspec_tmpa_int=\count287
\l__fontspec_tmpb_int=\count288
\l__fontspec_tmpc_int=\count289
\l__fontspec_em_int=\count290
\l__fontspec_emdef_int=\count291
\l__fontspec_strong_int=\count292
\l__fontspec_strongdef_int=\count293
\l__fontspec_tmpa_dim=\dimen178
\l__fontspec_tmpb_dim=\dimen179
\l__fontspec_tmpc_dim=\dimen180
 (c:/texlive/2021/texmf-dist/tex/latex/base/fontenc.sty
Package: fontenc 2020/08/10 v2.0s Standard LaTeX package
) (c:/texlive/2021/texmf-dist/tex/latex/fontspec/fontspec.cfg))) (c:/texlive/2021/texmf-dist/tex/xelatex/xecjk/xeCJK.cfg
File: xeCJK.cfg 2020/10/19 v3.8.6 Configuration file for xeCJK package
))
\ccwd=\dimen181
\l__ctex_ccglue_skip=\skip59
)
\l__ctex_ziju_dim=\dimen182
 (c:/texlive/2021/texmf-dist/tex/latex/zhnumber/zhnumber.sty
Package: zhnumber 2020/05/01 v2.8 Typesetting numbers with Chinese glyphs
\l__zhnum_scale_int=\count294
 (c:/texlive/2021/texmf-dist/tex/latex/zhnumber/zhnumber-utf8.cfg
File: zhnumber-utf8.cfg 2020/05/01 v2.8 Chinese numerals with UTF8 encoding
)) (c:/texlive/2021/texmf-dist/tex/latex/ctex/scheme/ctex-scheme-chinese.def
File: ctex-scheme-chinese.def 2021/03/14 v2.5.6 Chinese scheme for generic (CTEX)
 (c:/texlive/2021/texmf-dist/tex/latex/ctex/config/ctex-name-utf8.cfg
File: ctex-name-utf8.cfg 2021/03/14 v2.5.6 Caption with encoding UTF-8 (CTEX)
)) (c:/texlive/2021/texmf-dist/tex/latex/tools/indentfirst.sty
Package: indentfirst 1995/11/23 v1.03 Indent first paragraph (DPC)
) (c:/texlive/2021/texmf-dist/tex/latex/ctex/ctex-c5size.clo
File: ctex-c5size.clo 2021/03/14 v2.5.6 c5size option (CTEX)
) (c:/texlive/2021/texmf-dist/tex/latex/ctex/fontset/ctex-fontset-fandol.def
File: ctex-fontset-fandol.def 2021/03/14 v2.5.6 Fandol fonts definition (CTEX)


Package fontspec Warning: Font "FandolSong-Regular" does not contain requested
(fontspec)                Script "CJK".


Package fontspec Info: Font family 'FandolSong-Regular(0)' created for font
(fontspec)             'FandolSong-Regular' with options
(fontspec)             [Script={CJK},Extension={.otf},BoldFont={FandolSong-Bold},ItalicFont={FandolKai-Regular}].
(fontspec)              
(fontspec)              This font family consists of the following NFSS
(fontspec)             series/shapes:
(fontspec)              
(fontspec)             - 'normal' (m/n) with NFSS spec.:
(fontspec)             <->"[FandolSong-Regular.otf]/OT:language=dflt;"
(fontspec)             - 'small caps'  (m/sc) with NFSS spec.: 
(fontspec)             - 'bold' (b/n) with NFSS spec.:
(fontspec)             <->"[FandolSong-Bold.otf]/OT:language=dflt;"
(fontspec)             - 'bold small caps'  (b/sc) with NFSS spec.: 
(fontspec)             - 'italic' (m/it) with NFSS spec.:
(fontspec)             <->"[FandolKai-Regular.otf]/OT:language=dflt;"
(fontspec)             - 'italic small caps'  (m/scit) with NFSS spec.: 

)) (c:/texlive/2021/texmf-dist/tex/latex/ctex/config/ctex.cfg
File: ctex.cfg 2021/03/14 v2.5.6 Configuration file (CTEX)
) (c:/texlive/2021/texmf-dist/tex/latex/wrapfig/wrapfig.sty
\wrapoverhang=\dimen183
\WF@size=\dimen184
\c@WF@wrappedlines=\count295
\WF@box=\box52
\WF@everypar=\toks20
Package: wrapfig 2003/01/31  v 3.6
) (c:/texlive/2021/texmf-dist/tex/latex/hep/hep.sty
Package: hep 2005/12/13 Convenience wrapper for HEP packages (v1.0)
 (c:/texlive/2021/texmf-dist/tex/latex/url/url.sty
\Urlmuskip=\muskip18
Package: url 2013/09/16  ver 3.4  Verb mode for urls, etc.
) (c:/texlive/2021/texmf-dist/tex/latex/cite/cite.sty
LaTeX Info: Redefining \cite on input line 302.
LaTeX Info: Redefining \nocite on input line 332.
Package: cite 2015/02/27  v 5.5
) (c:/texlive/2021/texmf-dist/tex/latex/braket/braket.sty) (c:/texlive/2021/texmf-dist/tex/latex/cancel/cancel.sty
Package: cancel 2013/04/12 v2.2 Cancel math terms
) (c:/texlive/2021/texmf-dist/tex/latex/carlisle/slashed.sty
Package: slashed 1997/01/16 v0.01 Feynman Slashed Character Notation (DPC)
) (c:/texlive/2021/texmf-dist/tex/latex/hepnames/hepnicenames.sty
Package: hepnicenames 2014/12/01 Friendly alternatives to the PEN particle codes (version 2.0)
 (c:/texlive/2021/texmf-dist/tex/latex/hepnames/heppennames.sty
Package: heppennames 2014/12/01 Elementary Particle Naming Scheme (version 2.0)
 (c:/texlive/2021/texmf-dist/tex/latex/hepparticles/hepparticles.sty
Package: hepparticles 2014/12/01 HEP particle typesetting (v2.0)
 (c:/texlive/2021/texmf-dist/tex/latex/subdepth/subdepth.sty
Package: subdepth 2007/09/02 v0.1 Unify subscript depths
)
LaTeX Font Info:    Overwriting math alphabet `\mathup' in version `bold'
(Font)                  OT1/lmr/m/n --> TU/lmr/bx/n on input line 110.
LaTeX Font Info:    Overwriting math alphabet `\mathsfup' in version `bold'
(Font)                  OT1/lmss/m/n --> TU/lmss/bx/n on input line 113.
LaTeX Font Info:    Overwriting math alphabet `\mathsfit' in version `bold'
(Font)                  TU/lmss/m/sl --> TU/lmss/bx/sl on input line 116.
) (c:/texlive/2021/texmf-dist/tex/latex/tools/xspace.sty
Package: xspace 2014/10/28 v1.13 Space after command names (DPC,MH)
))) (c:/texlive/2021/texmf-dist/tex/latex/hepunits/hepunits.sty
Package: hepunits 2020/04/10 High-energy physics units by Andy Buckley (v2.0.0)
 (c:/texlive/2021/texmf-dist/tex/latex/base/ifthen.sty
Package: ifthen 2014/09/29 v1.1c Standard LaTeX ifthen package (DPC)
) (c:/texlive/2021/texmf-dist/tex/latex/siunitx/siunitx.sty
Package: siunitx 2020/02/25 v2.8b A comprehensive (SI) units package
 (c:/texlive/2021/texmf-dist/tex/latex/tools/array.sty
Package: array 2020/10/01 v2.5c Tabular extension package (FMi)
\col@sep=\dimen185
\ar@mcellbox=\box53
\extrarowheight=\dimen186
\NC@list=\toks21
\extratabsurround=\skip60
\backup@length=\skip61
\ar@cellbox=\box54
)
\l__siunitx_tmp_box=\box55
\l__siunitx_tmp_dim=\dimen187
\l__siunitx_tmp_int=\count296
\l__siunitx_number_mantissa_length_int=\count297
\l__siunitx_number_uncert_length_int=\count298
\l__siunitx_round_int=\count299
\l__siunitx_process_decimal_int=\count300
\l__siunitx_process_uncertainty_int=\count301
\l__siunitx_process_fixed_int=\count302
\l__siunitx_process_integer_min_int=\count303
\l__siunitx_process_precision_int=\count304
\l__siunitx_group_min_int=\count305
\l__siunitx_angle_marker_box=\box56
\l__siunitx_angle_unit_box=\box57
\l__siunitx_angle_marker_dim=\dimen188
\l__siunitx_angle_unit_dim=\dimen189
\l__siunitx_unit_int=\count306
\l__siunitx_unit_denominator_int=\count307
\l__siunitx_unit_numerator_int=\count308
\l__siunitx_unit_prefix_int=\count309
\l__siunitx_unit_prefix_base_int=\count310
\l__siunitx_unit_prefix_gram_int=\count311
\l__siunitx_number_product_int=\count312
\c__siunitx_one_fill_skip=\skip62
\l__siunitx_table_unit_align_skip=\skip63
\l__siunitx_table_exponent_dim=\dimen190
\l__siunitx_table_integer_dim=\dimen191
\l__siunitx_table_mantissa_dim=\dimen192
\l__siunitx_table_marker_dim=\dimen193
\l__siunitx_table_result_dim=\dimen194
\l__siunitx_table_uncert_dim=\dimen195
\l__siunitx_table_fill_pre_dim=\dimen196
\l__siunitx_table_fill_post_dim=\dimen197
\l__siunitx_table_fill_mid_dim=\dimen198
\l__siunitx_table_pre_box=\box58
\l__siunitx_table_post_box=\box59
\l__siunitx_table_mantissa_box=\box60
\l__siunitx_table_result_box=\box61
\l__siunitx_table_number_align_skip=\skip64
\l__siunitx_table_text_align_skip=\skip65
 (c:/texlive/2021/texmf-dist/tex/latex/translator/translator.sty
Package: translator 2020-08-03 v1.12c Easy translation of strings in LaTeX
 (c:/texlive/2021/texmf-dist/tex/latex/graphics/keyval.sty
Package: keyval 2014/10/28 v1.15 key=value parser (DPC)
\KV@toks@=\toks22
))))) (c:/texlive/2021/texmf-dist/tex/latex/simplewick/simplewick.sty
Package: simplewick 2007/11/23 v1.2a

Package: simplewick v1.2a (2007/11/23)
\swb@xone=\box62
\swb@xtwo=\box63
\swb@xthree=\box64
\swb@xfour=\box65
\swdimen@ne=\dimen199
\swdimentw@=\dimen256
) (c:/texlive/2021/texmf-dist/tex/latex/caption/caption.sty
Package: caption 2020/10/26 v3.5g Customizing captions (AR)
 (c:/texlive/2021/texmf-dist/tex/latex/caption/caption3.sty
Package: caption3 2020/10/21 v2.2e caption3 kernel (AR)
\captionmargin=\dimen257
\captionmargin@=\dimen258
\captionwidth=\dimen259
\caption@tempdima=\dimen260
\caption@indent=\dimen261
\caption@parindent=\dimen262
\caption@hangindent=\dimen263
Package caption Info: Standard document class detected.
)
\c@caption@flags=\count313
\c@continuedfloat=\count314
Package caption Info: wrapfig package is loaded.
) (c:/texlive/2021/texmf-dist/tex/latex/graphics/graphicx.sty
Package: graphicx 2020/09/09 v1.2b Enhanced LaTeX Graphics (DPC,SPQR)
 (c:/texlive/2021/texmf-dist/tex/latex/graphics/graphics.sty
Package: graphics 2020/08/30 v1.4c Standard LaTeX Graphics (DPC,SPQR)
 (c:/texlive/2021/texmf-dist/tex/latex/graphics/trig.sty
Package: trig 2016/01/03 v1.10 sin cos tan (DPC)
) (c:/texlive/2021/texmf-dist/tex/latex/graphics-cfg/graphics.cfg
File: graphics.cfg 2016/06/04 v1.11 sample graphics configuration
)
Package graphics Info: Driver file: xetex.def on input line 105.
 (c:/texlive/2021/texmf-dist/tex/latex/graphics-def/xetex.def
File: xetex.def 2021/03/18 v5.0k Graphics/color driver for xetex
))
\Gin@req@height=\dimen264
\Gin@req@width=\dimen265
) (c:/texlive/2021/texmf-dist/tex/latex/geometry/geometry.sty
Package: geometry 2020/01/02 v5.9 Page Geometry
 (c:/texlive/2021/texmf-dist/tex/generic/iftex/ifvtex.sty
Package: ifvtex 2019/10/25 v1.7 ifvtex legacy package. Use iftex instead.
 (c:/texlive/2021/texmf-dist/tex/generic/iftex/iftex.sty
Package: iftex 2020/03/06 v1.0d TeX engine tests
))
\Gm@cnth=\count315
\Gm@cntv=\count316
\c@Gm@tempcnt=\count317
\Gm@bindingoffset=\dimen266
\Gm@wd@mp=\dimen267
\Gm@odd@mp=\dimen268
\Gm@even@mp=\dimen269
\Gm@layoutwidth=\dimen270
\Gm@layoutheight=\dimen271
\Gm@layouthoffset=\dimen272
\Gm@layoutvoffset=\dimen273
\Gm@dimlist=\toks23
) (c:/texlive/2021/texmf-dist/tex/latex/pgf/frontendlayer/tikz.sty (c:/texlive/2021/texmf-dist/tex/latex/pgf/basiclayer/pgf.sty (c:/texlive/2021/texmf-dist/tex/latex/pgf/utilities/pgfrcs.sty (c:/texlive/2021/texmf-dist/tex/generic/pgf/utilities/pgfutil-common.tex
\pgfutil@everybye=\toks24
\pgfutil@tempdima=\dimen274
\pgfutil@tempdimb=\dimen275
 (c:/texlive/2021/texmf-dist/tex/generic/pgf/utilities/pgfutil-common-lists.tex)) (c:/texlive/2021/texmf-dist/tex/generic/pgf/utilities/pgfutil-latex.def
\pgfutil@abb=\box66
) (c:/texlive/2021/texmf-dist/tex/generic/pgf/utilities/pgfrcs.code.tex (c:/texlive/2021/texmf-dist/tex/generic/pgf/pgf.revision.tex)
Package: pgfrcs 2020/12/27 v3.1.8b (3.1.8b)
))
Package: pgf 2020/12/27 v3.1.8b (3.1.8b)
 (c:/texlive/2021/texmf-dist/tex/latex/pgf/basiclayer/pgfcore.sty (c:/texlive/2021/texmf-dist/tex/latex/pgf/systemlayer/pgfsys.sty (c:/texlive/2021/texmf-dist/tex/generic/pgf/systemlayer/pgfsys.code.tex
Package: pgfsys 2020/12/27 v3.1.8b (3.1.8b)
 (c:/texlive/2021/texmf-dist/tex/generic/pgf/utilities/pgfkeys.code.tex
\pgfkeys@pathtoks=\toks25
\pgfkeys@temptoks=\toks26
 (c:/texlive/2021/texmf-dist/tex/generic/pgf/utilities/pgfkeysfiltered.code.tex
\pgfkeys@tmptoks=\toks27
))
\pgf@x=\dimen276
\pgf@y=\dimen277
\pgf@xa=\dimen278
\pgf@ya=\dimen279
\pgf@xb=\dimen280
\pgf@yb=\dimen281
\pgf@xc=\dimen282
\pgf@yc=\dimen283
\pgf@xd=\dimen284
\pgf@yd=\dimen285
\w@pgf@writea=\write3
\r@pgf@reada=\read2
\c@pgf@counta=\count318
\c@pgf@countb=\count319
\c@pgf@countc=\count320
\c@pgf@countd=\count321
\t@pgf@toka=\toks28
\t@pgf@tokb=\toks29
\t@pgf@tokc=\toks30
\pgf@sys@id@count=\count322
 (c:/texlive/2021/texmf-dist/tex/generic/pgf/systemlayer/pgf.cfg
File: pgf.cfg 2020/12/27 v3.1.8b (3.1.8b)
)
Driver file for pgf: pgfsys-xetex.def
 (c:/texlive/2021/texmf-dist/tex/generic/pgf/systemlayer/pgfsys-xetex.def
File: pgfsys-xetex.def 2020/12/27 v3.1.8b (3.1.8b)
 (c:/texlive/2021/texmf-dist/tex/generic/pgf/systemlayer/pgfsys-dvipdfmx.def
File: pgfsys-dvipdfmx.def 2020/12/27 v3.1.8b (3.1.8b)
 (c:/texlive/2021/texmf-dist/tex/generic/pgf/systemlayer/pgfsys-common-pdf.def
File: pgfsys-common-pdf.def 2020/12/27 v3.1.8b (3.1.8b)
)
\pgfsys@objnum=\count323
))) (c:/texlive/2021/texmf-dist/tex/generic/pgf/systemlayer/pgfsyssoftpath.code.tex
File: pgfsyssoftpath.code.tex 2020/12/27 v3.1.8b (3.1.8b)
\pgfsyssoftpath@smallbuffer@items=\count324
\pgfsyssoftpath@bigbuffer@items=\count325
) (c:/texlive/2021/texmf-dist/tex/generic/pgf/systemlayer/pgfsysprotocol.code.tex
File: pgfsysprotocol.code.tex 2020/12/27 v3.1.8b (3.1.8b)
)) (c:/texlive/2021/texmf-dist/tex/latex/xcolor/xcolor.sty
Package: xcolor 2016/05/11 v2.12 LaTeX color extensions (UK)
 (c:/texlive/2021/texmf-dist/tex/latex/graphics-cfg/color.cfg
File: color.cfg 2016/01/02 v1.6 sample color configuration
)
Package xcolor Info: Driver file: xetex.def on input line 225.
Package xcolor Info: Model `cmy' substituted by `cmy0' on input line 1348.
Package xcolor Info: Model `RGB' extended on input line 1364.
Package xcolor Info: Model `HTML' substituted by `rgb' on input line 1366.
Package xcolor Info: Model `Hsb' substituted by `hsb' on input line 1367.
Package xcolor Info: Model `tHsb' substituted by `hsb' on input line 1368.
Package xcolor Info: Model `HSB' substituted by `hsb' on input line 1369.
Package xcolor Info: Model `Gray' substituted by `gray' on input line 1370.
Package xcolor Info: Model `wave' substituted by `hsb' on input line 1371.
) (c:/texlive/2021/texmf-dist/tex/generic/pgf/basiclayer/pgfcore.code.tex
Package: pgfcore 2020/12/27 v3.1.8b (3.1.8b)
 (c:/texlive/2021/texmf-dist/tex/generic/pgf/math/pgfmath.code.tex (c:/texlive/2021/texmf-dist/tex/generic/pgf/math/pgfmathcalc.code.tex (c:/texlive/2021/texmf-dist/tex/generic/pgf/math/pgfmathutil.code.tex) (c:/texlive/2021/texmf-dist/tex/generic/pgf/math/pgfmathparser.code.tex
\pgfmath@dimen=\dimen286
\pgfmath@count=\count326
\pgfmath@box=\box67
\pgfmath@toks=\toks31
\pgfmath@stack@operand=\toks32
\pgfmath@stack@operation=\toks33
) (c:/texlive/2021/texmf-dist/tex/generic/pgf/math/pgfmathfunctions.code.tex (c:/texlive/2021/texmf-dist/tex/generic/pgf/math/pgfmathfunctions.basic.code.tex) (c:/texlive/2021/texmf-dist/tex/generic/pgf/math/pgfmathfunctions.trigonometric.code.tex) (c:/texlive/2021/texmf-dist/tex/generic/pgf/math/pgfmathfunctions.random.code.tex) (c:/texlive/2021/texmf-dist/tex/generic/pgf/math/pgfmathfunctions.comparison.code.tex) (c:/texlive/2021/texmf-dist/tex/generic/pgf/math/pgfmathfunctions.base.code.tex) (c:/texlive/2021/texmf-dist/tex/generic/pgf/math/pgfmathfunctions.round.code.tex) (c:/texlive/2021/texmf-dist/tex/generic/pgf/math/pgfmathfunctions.misc.code.tex) (c:/texlive/2021/texmf-dist/tex/generic/pgf/math/pgfmathfunctions.integerarithmetics.code.tex))) (c:/texlive/2021/texmf-dist/tex/generic/pgf/math/pgfmathfloat.code.tex
\c@pgfmathroundto@lastzeros=\count327
)) (c:/texlive/2021/texmf-dist/tex/generic/pgf/math/pgfint.code.tex) (c:/texlive/2021/texmf-dist/tex/generic/pgf/basiclayer/pgfcorepoints.code.tex
File: pgfcorepoints.code.tex 2020/12/27 v3.1.8b (3.1.8b)
\pgf@picminx=\dimen287
\pgf@picmaxx=\dimen288
\pgf@picminy=\dimen289
\pgf@picmaxy=\dimen290
\pgf@pathminx=\dimen291
\pgf@pathmaxx=\dimen292
\pgf@pathminy=\dimen293
\pgf@pathmaxy=\dimen294
\pgf@xx=\dimen295
\pgf@xy=\dimen296
\pgf@yx=\dimen297
\pgf@yy=\dimen298
\pgf@zx=\dimen299
\pgf@zy=\dimen300
) (c:/texlive/2021/texmf-dist/tex/generic/pgf/basiclayer/pgfcorepathconstruct.code.tex
File: pgfcorepathconstruct.code.tex 2020/12/27 v3.1.8b (3.1.8b)
\pgf@path@lastx=\dimen301
\pgf@path@lasty=\dimen302
) (c:/texlive/2021/texmf-dist/tex/generic/pgf/basiclayer/pgfcorepathusage.code.tex
File: pgfcorepathusage.code.tex 2020/12/27 v3.1.8b (3.1.8b)
\pgf@shorten@end@additional=\dimen303
\pgf@shorten@start@additional=\dimen304
) (c:/texlive/2021/texmf-dist/tex/generic/pgf/basiclayer/pgfcorescopes.code.tex
File: pgfcorescopes.code.tex 2020/12/27 v3.1.8b (3.1.8b)
\pgfpic=\box68
\pgf@hbox=\box69
\pgf@layerbox@main=\box70
\pgf@picture@serial@count=\count328
) (c:/texlive/2021/texmf-dist/tex/generic/pgf/basiclayer/pgfcoregraphicstate.code.tex
File: pgfcoregraphicstate.code.tex 2020/12/27 v3.1.8b (3.1.8b)
\pgflinewidth=\dimen305
) (c:/texlive/2021/texmf-dist/tex/generic/pgf/basiclayer/pgfcoretransformations.code.tex
File: pgfcoretransformations.code.tex 2020/12/27 v3.1.8b (3.1.8b)
\pgf@pt@x=\dimen306
\pgf@pt@y=\dimen307
\pgf@pt@temp=\dimen308
) (c:/texlive/2021/texmf-dist/tex/generic/pgf/basiclayer/pgfcorequick.code.tex
File: pgfcorequick.code.tex 2020/12/27 v3.1.8b (3.1.8b)
) (c:/texlive/2021/texmf-dist/tex/generic/pgf/basiclayer/pgfcoreobjects.code.tex
File: pgfcoreobjects.code.tex 2020/12/27 v3.1.8b (3.1.8b)
) (c:/texlive/2021/texmf-dist/tex/generic/pgf/basiclayer/pgfcorepathprocessing.code.tex
File: pgfcorepathprocessing.code.tex 2020/12/27 v3.1.8b (3.1.8b)
) (c:/texlive/2021/texmf-dist/tex/generic/pgf/basiclayer/pgfcorearrows.code.tex
File: pgfcorearrows.code.tex 2020/12/27 v3.1.8b (3.1.8b)
\pgfarrowsep=\dimen309
) (c:/texlive/2021/texmf-dist/tex/generic/pgf/basiclayer/pgfcoreshade.code.tex
File: pgfcoreshade.code.tex 2020/12/27 v3.1.8b (3.1.8b)
\pgf@max=\dimen310
\pgf@sys@shading@range@num=\count329
\pgf@shadingcount=\count330
) (c:/texlive/2021/texmf-dist/tex/generic/pgf/basiclayer/pgfcoreimage.code.tex
File: pgfcoreimage.code.tex 2020/12/27 v3.1.8b (3.1.8b)
 (c:/texlive/2021/texmf-dist/tex/generic/pgf/basiclayer/pgfcoreexternal.code.tex
File: pgfcoreexternal.code.tex 2020/12/27 v3.1.8b (3.1.8b)
\pgfexternal@startupbox=\box71
)) (c:/texlive/2021/texmf-dist/tex/generic/pgf/basiclayer/pgfcorelayers.code.tex
File: pgfcorelayers.code.tex 2020/12/27 v3.1.8b (3.1.8b)
) (c:/texlive/2021/texmf-dist/tex/generic/pgf/basiclayer/pgfcoretransparency.code.tex
File: pgfcoretransparency.code.tex 2020/12/27 v3.1.8b (3.1.8b)
) (c:/texlive/2021/texmf-dist/tex/generic/pgf/basiclayer/pgfcorepatterns.code.tex
File: pgfcorepatterns.code.tex 2020/12/27 v3.1.8b (3.1.8b)
) (c:/texlive/2021/texmf-dist/tex/generic/pgf/basiclayer/pgfcorerdf.code.tex
File: pgfcorerdf.code.tex 2020/12/27 v3.1.8b (3.1.8b)
))) (c:/texlive/2021/texmf-dist/tex/generic/pgf/modules/pgfmoduleshapes.code.tex
File: pgfmoduleshapes.code.tex 2020/12/27 v3.1.8b (3.1.8b)
\pgfnodeparttextbox=\box72
) (c:/texlive/2021/texmf-dist/tex/generic/pgf/modules/pgfmoduleplot.code.tex
File: pgfmoduleplot.code.tex 2020/12/27 v3.1.8b (3.1.8b)
) (c:/texlive/2021/texmf-dist/tex/latex/pgf/compatibility/pgfcomp-version-0-65.sty
Package: pgfcomp-version-0-65 2020/12/27 v3.1.8b (3.1.8b)
\pgf@nodesepstart=\dimen311
\pgf@nodesepend=\dimen312
) (c:/texlive/2021/texmf-dist/tex/latex/pgf/compatibility/pgfcomp-version-1-18.sty
Package: pgfcomp-version-1-18 2020/12/27 v3.1.8b (3.1.8b)
)) (c:/texlive/2021/texmf-dist/tex/latex/pgf/utilities/pgffor.sty (c:/texlive/2021/texmf-dist/tex/latex/pgf/utilities/pgfkeys.sty (c:/texlive/2021/texmf-dist/tex/generic/pgf/utilities/pgfkeys.code.tex)) (c:/texlive/2021/texmf-dist/tex/latex/pgf/math/pgfmath.sty (c:/texlive/2021/texmf-dist/tex/generic/pgf/math/pgfmath.code.tex)) (c:/texlive/2021/texmf-dist/tex/generic/pgf/utilities/pgffor.code.tex
Package: pgffor 2020/12/27 v3.1.8b (3.1.8b)
 (c:/texlive/2021/texmf-dist/tex/generic/pgf/math/pgfmath.code.tex)
\pgffor@iter=\dimen313
\pgffor@skip=\dimen314
\pgffor@stack=\toks34
\pgffor@toks=\toks35
)) (c:/texlive/2021/texmf-dist/tex/generic/pgf/frontendlayer/tikz/tikz.code.tex
Package: tikz 2020/12/27 v3.1.8b (3.1.8b)
 (c:/texlive/2021/texmf-dist/tex/generic/pgf/libraries/pgflibraryplothandlers.code.tex
File: pgflibraryplothandlers.code.tex 2020/12/27 v3.1.8b (3.1.8b)
\pgf@plot@mark@count=\count331
\pgfplotmarksize=\dimen315
)
\tikz@lastx=\dimen316
\tikz@lasty=\dimen317
\tikz@lastxsaved=\dimen318
\tikz@lastysaved=\dimen319
\tikz@lastmovetox=\dimen320
\tikz@lastmovetoy=\dimen321
\tikzleveldistance=\dimen322
\tikzsiblingdistance=\dimen323
\tikz@figbox=\box73
\tikz@figbox@bg=\box74
\tikz@tempbox=\box75
\tikz@tempbox@bg=\box76
\tikztreelevel=\count332
\tikznumberofchildren=\count333
\tikznumberofcurrentchild=\count334
\tikz@fig@count=\count335
 (c:/texlive/2021/texmf-dist/tex/generic/pgf/modules/pgfmodulematrix.code.tex
File: pgfmodulematrix.code.tex 2020/12/27 v3.1.8b (3.1.8b)
\pgfmatrixcurrentrow=\count336
\pgfmatrixcurrentcolumn=\count337
\pgf@matrix@numberofcolumns=\count338
)
\tikz@expandcount=\count339
 (c:/texlive/2021/texmf-dist/tex/generic/pgf/frontendlayer/tikz/libraries/tikzlibrarytopaths.code.tex
File: tikzlibrarytopaths.code.tex 2020/12/27 v3.1.8b (3.1.8b)
))) (c:/texlive/2021/texmf-dist/tex/latex/subfig/subfig.sty
Package: subfig 2005/06/28 ver: 1.3 subfig package
\c@KVtest=\count340
\sf@farskip=\skip66
\sf@captopadj=\dimen324
\sf@capskip=\skip67
\sf@nearskip=\skip68
\c@subfigure=\count341
\c@subfigure@save=\count342
\c@lofdepth=\count343
\c@subtable=\count344
\c@subtable@save=\count345
\c@lotdepth=\count346
\sf@top=\skip69
\sf@bottom=\skip70
) (c:/texlive/2021/texmf-dist/tex/latex/physics/physics.sty
Package: physics 
) (c:/texlive/2021/texmf-dist/tex/latex/listings/listings.sty
\lst@mode=\count347
\lst@gtempboxa=\box77
\lst@token=\toks36
\lst@length=\count348
\lst@currlwidth=\dimen325
\lst@column=\count349
\lst@pos=\count350
\lst@lostspace=\dimen326
\lst@width=\dimen327
\lst@newlines=\count351
\lst@lineno=\count352
\lst@maxwidth=\dimen328
 (c:/texlive/2021/texmf-dist/tex/latex/listings/lstmisc.sty
File: lstmisc.sty 2020/03/24 1.8d (Carsten Heinz)
\c@lstnumber=\count353
\lst@skipnumbers=\count354
\lst@framebox=\box78
) (c:/texlive/2021/texmf-dist/tex/latex/listings/listings.cfg
File: listings.cfg 2020/03/24 1.8d listings configuration
))
Package: listings 2020/03/24 1.8d (Carsten Heinz)
 (c:/texlive/2021/texmf-dist/tex/xelatex/xecjk/xeCJK-listings.sty
Package: xeCJK-listings 2020/10/19 v3.8.6 xeCJK patch file for listings
\l__xeCJK_listings_max_char_int=\count355
\l__xeCJK_listings_flag_int=\count356
) (c:/texlive/2021/texmf-dist/tex/latex/animate/animate.sty
Package: animate 2020/10/07 PDF & SVG animations from files and inline graphics
 (c:/texlive/2021/texmf-dist/tex/latex/xkeyval/xkeyval.sty
Package: xkeyval 2020/11/20 v2.8 package option processing (HA)
 (c:/texlive/2021/texmf-dist/tex/generic/xkeyval/xkeyval.tex (c:/texlive/2021/texmf-dist/tex/generic/xkeyval/xkvutils.tex
\XKV@toks=\toks37
\XKV@tempa@toks=\toks38
)
\XKV@depth=\count357
File: xkeyval.tex 2014/12/03 v2.7a key=value parser (HA)
)) (c:/texlive/2021/texmf-dist/tex/latex/oberdiek/ifdraft.sty
Package: ifdraft 2016/05/16 v1.4 Detect class options draft and final (HO)
) (c:/texlive/2021/texmf-dist/tex/latex/tools/calc.sty
Package: calc 2017/05/25 v4.3 Infix arithmetic (KKT,FJ)
\calc@Acount=\count358
\calc@Bcount=\count359
\calc@Adimen=\dimen329
\calc@Bdimen=\dimen330
\calc@Askip=\skip71
\calc@Bskip=\skip72
LaTeX Info: Redefining \setlength on input line 80.
LaTeX Info: Redefining \addtolength on input line 81.
\calc@Ccount=\count360
\calc@Cskip=\skip73
) (c:/texlive/2021/texmf-dist/tex/latex/zref/zref-abspage.sty
Package: zref-abspage 2020-07-03 v2.32 Module abspage for zref (HO)
 (c:/texlive/2021/texmf-dist/tex/latex/zref/zref-base.sty
Package: zref-base 2020-07-03 v2.32 Module base for zref (HO)
 (c:/texlive/2021/texmf-dist/tex/generic/ltxcmds/ltxcmds.sty
Package: ltxcmds 2020-05-10 v1.25 LaTeX kernel commands for general use (HO)
) (c:/texlive/2021/texmf-dist/tex/generic/infwarerr/infwarerr.sty
Package: infwarerr 2019/12/03 v1.5 Providing info/warning/error messages (HO)
) (c:/texlive/2021/texmf-dist/tex/generic/kvsetkeys/kvsetkeys.sty
Package: kvsetkeys 2019/12/15 v1.18 Key value parser (HO)
) (c:/texlive/2021/texmf-dist/tex/generic/kvdefinekeys/kvdefinekeys.sty
Package: kvdefinekeys 2019-12-19 v1.6 Define keys (HO)
) (c:/texlive/2021/texmf-dist/tex/generic/pdftexcmds/pdftexcmds.sty
Package: pdftexcmds 2020-06-27 v0.33 Utility functions of pdfTeX for LuaTeX (HO)
Package pdftexcmds Info: \pdf@primitive is available.
Package pdftexcmds Info: \pdf@ifprimitive is available.
Package pdftexcmds Info: \pdfdraftmode not found.
) (c:/texlive/2021/texmf-dist/tex/generic/etexcmds/etexcmds.sty
Package: etexcmds 2019/12/15 v1.7 Avoid name clashes with e-TeX commands (HO)
) (c:/texlive/2021/texmf-dist/tex/latex/auxhook/auxhook.sty
Package: auxhook 2019-12-17 v1.6 Hooks for auxiliary files (HO)
)
Package zref Info: New property list: main on input line 764.
Package zref Info: New property: default on input line 765.
Package zref Info: New property: page on input line 766.
) (c:/texlive/2021/texmf-dist/tex/latex/base/atbegshi-ltx.sty
Package: atbegshi-ltx 2020/08/17 v1.0a Emulation of the original atbegshi package
with kernel methods
)
\c@abspage=\count361
Package zref Info: New property: abspage on input line 66.
) (c:/texlive/2021/texmf-dist/tex/latex/media9/pdfbase.sty
Package: pdfbase 2021/03/01 v0.46 driver independent access to low-level PDF features
\g_pbs_page_int=\count362
\g_pbs_obj_int=\count363
\g_pbs_oc_int=\count364
) (c:/texlive/2021/texmf-dist/tex/latex/ocgx2/ocgbase.sty
Package: ocgbase 2021/01/25 v0.18 support package for ocgx2.sty
\g_ocgbase_nd_int=\count365
)
\@anim@box=\box79
\@anim@measbox=\box80
\@anim@tmpdima=\dimen331
\@anim@tmpdimb=\dimen332
\@anim@num=\count366
\@anim@curframe=\count367
\@anim@curframe@zb=\count368
\@anim@resizeflags=\count369
\@anim@skipfram=\count370
\@anim@mulframecnt=\count371
\@anim@@tmlnfile=\read3
\@anim@tmpcnt=\count372
\c@@anim@ltxcnt=\count373
\@anim@curlayer=\count374
\@anim@lineno=\count375
\@anim@curfield=\count376
\@anim@@resizeflags=\count377
) (c:/texlive/2021/texmf-dist/tex/latex/listings/lstlang1.sty
File: lstlang1.sty 2020/03/24 1.8d listings language file
) (./non-hermitian topological invariant.aux)
\openout1 = `"non-hermitian topological invariant.aux"'.

LaTeX Font Info:    Checking defaults for OML/cmm/m/it on input line 40.
LaTeX Font Info:    ... okay on input line 40.
LaTeX Font Info:    Checking defaults for OMS/cmsy/m/n on input line 40.
LaTeX Font Info:    ... okay on input line 40.
LaTeX Font Info:    Checking defaults for OT1/cmr/m/n on input line 40.
LaTeX Font Info:    ... okay on input line 40.
LaTeX Font Info:    Checking defaults for T1/cmr/m/n on input line 40.
LaTeX Font Info:    ... okay on input line 40.
LaTeX Font Info:    Checking defaults for TS1/cmr/m/n on input line 40.
LaTeX Font Info:    ... okay on input line 40.
LaTeX Font Info:    Checking defaults for TU/lmr/m/n on input line 40.
LaTeX Font Info:    ... okay on input line 40.
LaTeX Font Info:    Checking defaults for OMX/cmex/m/n on input line 40.
LaTeX Font Info:    ... okay on input line 40.
LaTeX Font Info:    Checking defaults for U/cmr/m/n on input line 40.
LaTeX Font Info:    ... okay on input line 40.
 ABD: EverySelectfont initializing macros
LaTeX Info: Redefining \selectfont on input line 40.

Package fontspec Info: Adjusting the maths setup (use [no-math] to avoid
(fontspec)             this).

\symlegacymaths=\mathgroup7
LaTeX Font Info:    Overwriting symbol font `legacymaths' in version `bold'
(Font)                  OT1/cmr/m/n --> OT1/cmr/bx/n on input line 40.
LaTeX Font Info:    Redeclaring math accent \acute on input line 40.
LaTeX Font Info:    Redeclaring math accent \grave on input line 40.
LaTeX Font Info:    Redeclaring math accent \ddot on input line 40.
LaTeX Font Info:    Redeclaring math accent \tilde on input line 40.
LaTeX Font Info:    Redeclaring math accent \bar on input line 40.
LaTeX Font Info:    Redeclaring math accent \breve on input line 40.
LaTeX Font Info:    Redeclaring math accent \check on input line 40.
LaTeX Font Info:    Redeclaring math accent \hat on input line 40.
LaTeX Font Info:    Redeclaring math accent \dot on input line 40.
LaTeX Font Info:    Redeclaring math accent \mathring on input line 40.
LaTeX Font Info:    Redeclaring math symbol \Gamma on input line 40.
LaTeX Font Info:    Redeclaring math symbol \Delta on input line 40.
LaTeX Font Info:    Redeclaring math symbol \Theta on input line 40.
LaTeX Font Info:    Redeclaring math symbol \Lambda on input line 40.
LaTeX Font Info:    Redeclaring math symbol \Xi on input line 40.
LaTeX Font Info:    Redeclaring math symbol \Pi on input line 40.
LaTeX Font Info:    Redeclaring math symbol \Sigma on input line 40.
LaTeX Font Info:    Redeclaring math symbol \Upsilon on input line 40.
LaTeX Font Info:    Redeclaring math symbol \Phi on input line 40.
LaTeX Font Info:    Redeclaring math symbol \Psi on input line 40.
LaTeX Font Info:    Redeclaring math symbol \Omega on input line 40.
LaTeX Font Info:    Redeclaring math symbol \mathdollar on input line 40.
LaTeX Font Info:    Redeclaring symbol font `operators' on input line 40.
LaTeX Font Info:    Encoding `OT1' has changed to `TU' for symbol font
(Font)              `operators' in the math version `normal' on input line 40.
LaTeX Font Info:    Overwriting symbol font `operators' in version `normal'
(Font)                  OT1/cmr/m/n --> TU/lmr/m/n on input line 40.
LaTeX Font Info:    Encoding `OT1' has changed to `TU' for symbol font
(Font)              `operators' in the math version `bold' on input line 40.
LaTeX Font Info:    Overwriting symbol font `operators' in version `bold'
(Font)                  OT1/cmr/bx/n --> TU/lmr/m/n on input line 40.
LaTeX Font Info:    Overwriting symbol font `operators' in version `normal'
(Font)                  TU/lmr/m/n --> TU/lmr/m/n on input line 40.
LaTeX Font Info:    Overwriting math alphabet `\mathit' in version `normal'
(Font)                  OT1/cmr/m/it --> TU/lmr/m/it on input line 40.
LaTeX Font Info:    Overwriting math alphabet `\mathbf' in version `normal'
(Font)                  OT1/cmr/bx/n --> TU/lmr/b/n on input line 40.
LaTeX Font Info:    Overwriting math alphabet `\mathsf' in version `normal'
(Font)                  OT1/cmss/m/n --> TU/lmss/m/n on input line 40.
LaTeX Font Info:    Overwriting math alphabet `\mathtt' in version `normal'
(Font)                  OT1/cmtt/m/n --> TU/lmtt/m/n on input line 40.
LaTeX Font Info:    Overwriting symbol font `operators' in version `bold'
(Font)                  TU/lmr/m/n --> TU/lmr/b/n on input line 40.
LaTeX Font Info:    Overwriting math alphabet `\mathit' in version `bold'
(Font)                  OT1/cmr/bx/it --> TU/lmr/b/it on input line 40.
LaTeX Font Info:    Overwriting math alphabet `\mathsf' in version `bold'
(Font)                  OT1/cmss/bx/n --> TU/lmss/b/n on input line 40.
LaTeX Font Info:    Overwriting math alphabet `\mathtt' in version `bold'
(Font)                  OT1/cmtt/m/n --> TU/lmtt/b/n on input line 40.
 (c:/texlive/2021/texmf-dist/tex/latex/siunitx/siunitx-abbreviations.cfg
File: siunitx-abbreviations.cfg 2017/11/26 v2.7k siunitx: Abbreviated units
) (c:/texlive/2021/texmf-dist/tex/latex/translator/translator-basic-dictionary-English.dict
Dictionary: translator-basic-dictionary, Language: English 
)
Package caption Info: Begin \AtBeginDocument code.
Package caption Info: subfig package v1.3 is loaded.
Package caption Info: listings package is loaded.
Package caption Info: End \AtBeginDocument code.

*geometry* driver: auto-detecting
*geometry* detected driver: xetex
*geometry* verbose mode - [ preamble ] result:
* driver: xetex
* paper: a4paper
* layout: <same size as paper>
* layoutoffset:(h,v)=(0.0pt,0.0pt)
* modes: 
* h-part:(L,W,R)=(56.9055pt, 483.69687pt, 56.9055pt)
* v-part:(T,H,B)=(56.9055pt, 731.23584pt, 56.9055pt)
* \paperwidth=597.50787pt
* \paperheight=845.04684pt
* \textwidth=483.69687pt
* \textheight=731.23584pt
* \oddsidemargin=-15.36449pt
* \evensidemargin=-15.36449pt
* \topmargin=-52.36449pt
* \headheight=12.0pt
* \headsep=25.0pt
* \topskip=10.0pt
* \footskip=30.0pt
* \marginparwidth=65.0pt
* \marginparsep=11.0pt
* \columnsep=10.0pt
* \skip\footins=9.0pt plus 4.0pt minus 2.0pt
* \hoffset=0.0pt
* \voffset=0.0pt
* \mag=1000
* \@twocolumnfalse
* \@twosidefalse
* \@mparswitchfalse
* \@reversemarginfalse
* (1in=72.27pt=25.4mm, 1cm=28.453pt)

\c@lstlisting=\count378

LaTeX Font Warning: Font shape `OMX/cmex/m/n' in size <10.53937> not available
(Font)              size <10.95> substituted on input line 40.


LaTeX Warning: No \author given.

File: fig1.png Graphic file (type bmp)
<fig1.png>
[1

]
File: Figure_1.pdf Graphic file (type pdf)
<use Figure_1.pdf>
File: Figure_2.pdf Graphic file (type pdf)
<use Figure_2.pdf>
File: Figure_3.pdf Graphic file (type pdf)
<use Figure_3.pdf>
 [2] [3]
Overfull \hbox (56.63876pt too wide) detected at line 233
[]
 []

[4] [5] [6]
File: Figure_4.pdf Graphic file (type pdf)
<use Figure_4.pdf>
 [7]
File: Figure_5.pdf Graphic file (type pdf)
<use Figure_5.pdf>
 [8] [9] [10]

LaTeX Warning: Reference `anim@abspage0' on page 11 undefined on input line 723.

File: dcomplex/1.png Graphic file (type bmp)
<dcomplex/1.png>
<a0,fr0>
File: dcomplex/2.png Graphic file (type bmp)
<dcomplex/2.png>
 <a0,fr1>
File: dcomplex/3.png Graphic file (type bmp)
<dcomplex/3.png>
 <a0,fr2>
File: dcomplex/4.png Graphic file (type bmp)
<dcomplex/4.png>
 <a0,fr3>
File: dcomplex/5.png Graphic file (type bmp)
<dcomplex/5.png>
 <a0,fr4>
File: dcomplex/6.png Graphic file (type bmp)
<dcomplex/6.png>
 <a0,fr5>
File: dcomplex/7.png Graphic file (type bmp)
<dcomplex/7.png>
 <a0,fr6>
File: dcomplex/8.png Graphic file (type bmp)
<dcomplex/8.png>
 <a0,fr7>
File: dcomplex/9.png Graphic file (type bmp)
<dcomplex/9.png>
 <a0,fr8>
File: dcomplex/10.png Graphic file (type bmp)
<dcomplex/10.png>
 <a0,fr9>
File: dcomplex/11.png Graphic file (type bmp)
<dcomplex/11.png>
 <a0,fr10>
File: dcomplex/12.png Graphic file (type bmp)
<dcomplex/12.png>
 <a0,fr11>
File: dcomplex/13.png Graphic file (type bmp)
<dcomplex/13.png>
 <a0,fr12>
File: dcomplex/14.png Graphic file (type bmp)
<dcomplex/14.png>
 <a0,fr13>
File: dcomplex/15.png Graphic file (type bmp)
<dcomplex/15.png>
 <a0,fr14>
File: dcomplex/16.png Graphic file (type bmp)
<dcomplex/16.png>
 <a0,fr15>
File: dcomplex/17.png Graphic file (type bmp)
<dcomplex/17.png>
 <a0,fr16>
File: dcomplex/18.png Graphic file (type bmp)
<dcomplex/18.png>
 <a0,fr17>
File: dcomplex/19.png Graphic file (type bmp)
<dcomplex/19.png>
 <a0,fr18>
File: dcomplex/20.png Graphic file (type bmp)
<dcomplex/20.png>
 <a0,fr19>
File: dcomplex/21.png Graphic file (type bmp)
<dcomplex/21.png>
 <a0,fr20>
File: dcomplex/22.png Graphic file (type bmp)
<dcomplex/22.png>
 <a0,fr21>
File: dcomplex/23.png Graphic file (type bmp)
<dcomplex/23.png>
 <a0,fr22>
File: dcomplex/24.png Graphic file (type bmp)
<dcomplex/24.png>
 <a0,fr23>
File: dcomplex/25.png Graphic file (type bmp)
<dcomplex/25.png>
 <a0,fr24>
File: dcomplex/26.png Graphic file (type bmp)
<dcomplex/26.png>
 <a0,fr25>
File: dcomplex/27.png Graphic file (type bmp)
<dcomplex/27.png>
 <a0,fr26>
File: dcomplex/28.png Graphic file (type bmp)
<dcomplex/28.png>
 <a0,fr27>
File: dcomplex/29.png Graphic file (type bmp)
<dcomplex/29.png>
 <a0,fr28>
File: dcomplex/30.png Graphic file (type bmp)
<dcomplex/30.png>
 <a0,fr29>
File: dcomplex/31.png Graphic file (type bmp)
<dcomplex/31.png>
 <a0,fr30>
File: dcomplex/32.png Graphic file (type bmp)
<dcomplex/32.png>
 <a0,fr31>
File: dcomplex/33.png Graphic file (type bmp)
<dcomplex/33.png>
 <a0,fr32>
File: dcomplex/34.png Graphic file (type bmp)
<dcomplex/34.png>
 <a0,fr33>
File: dcomplex/35.png Graphic file (type bmp)
<dcomplex/35.png>
 <a0,fr34>
File: dcomplex/36.png Graphic file (type bmp)
<dcomplex/36.png>
 <a0,fr35>
File: dcomplex/37.png Graphic file (type bmp)
<dcomplex/37.png>
 <a0,fr36>
File: dcomplex/38.png Graphic file (type bmp)
<dcomplex/38.png>
 <a0,fr37>
File: dcomplex/39.png Graphic file (type bmp)
<dcomplex/39.png>
 <a0,fr38>
File: dcomplex/40.png Graphic file (type bmp)
<dcomplex/40.png>
 <a0,fr39>
File: dcomplex/41.png Graphic file (type bmp)
<dcomplex/41.png>
 <a0,fr40>
File: dcomplex/42.png Graphic file (type bmp)
<dcomplex/42.png>
 <a0,fr41>
File: dcomplex/43.png Graphic file (type bmp)
<dcomplex/43.png>
 <a0,fr42>
File: dcomplex/44.png Graphic file (type bmp)
<dcomplex/44.png>
 <a0,fr43>
File: dcomplex/45.png Graphic file (type bmp)
<dcomplex/45.png>
 <a0,fr44>
File: dcomplex/46.png Graphic file (type bmp)
<dcomplex/46.png>
 <a0,fr45>
File: dcomplex/47.png Graphic file (type bmp)
<dcomplex/47.png>
 <a0,fr46>
File: dcomplex/48.png Graphic file (type bmp)
<dcomplex/48.png>
 <a0,fr47>
File: dcomplex/49.png Graphic file (type bmp)
<dcomplex/49.png>
 <a0,fr48>
File: dcomplex/50.png Graphic file (type bmp)
<dcomplex/50.png>
 <a0,fr49>
File: dcomplex/51.png Graphic file (type bmp)
<dcomplex/51.png>
 <a0,fr50>
File: dcomplex/52.png Graphic file (type bmp)
<dcomplex/52.png>
 <a0,fr51>
File: dcomplex/53.png Graphic file (type bmp)
<dcomplex/53.png>
 <a0,fr52>
File: dcomplex/54.png Graphic file (type bmp)
<dcomplex/54.png>
 <a0,fr53>
File: dcomplex/55.png Graphic file (type bmp)
<dcomplex/55.png>
 <a0,fr54>
File: dcomplex/56.png Graphic file (type bmp)
<dcomplex/56.png>
 <a0,fr55>
File: dcomplex/57.png Graphic file (type bmp)
<dcomplex/57.png>
 <a0,fr56>
File: dcomplex/58.png Graphic file (type bmp)
<dcomplex/58.png>
 <a0,fr57>
File: dcomplex/59.png Graphic file (type bmp)
<dcomplex/59.png>
 <a0,fr58>
File: dcomplex/60.png Graphic file (type bmp)
<dcomplex/60.png>
 <a0,fr59>
File: dcomplex/61.png Graphic file (type bmp)
<dcomplex/61.png>
 <a0,fr60>
File: dcomplex/62.png Graphic file (type bmp)
<dcomplex/62.png>
 <a0,fr61>
File: dcomplex/63.png Graphic file (type bmp)
<dcomplex/63.png>
 <a0,fr62>
File: dcomplex/64.png Graphic file (type bmp)
<dcomplex/64.png>
 <a0,fr63>
File: dcomplex/65.png Graphic file (type bmp)
<dcomplex/65.png>
 <a0,fr64>
File: dcomplex/66.png Graphic file (type bmp)
<dcomplex/66.png>
 <a0,fr65>
File: dcomplex/67.png Graphic file (type bmp)
<dcomplex/67.png>
 <a0,fr66>
File: dcomplex/68.png Graphic file (type bmp)
<dcomplex/68.png>
 <a0,fr67>
File: dcomplex/69.png Graphic file (type bmp)
<dcomplex/69.png>
 <a0,fr68>
File: dcomplex/70.png Graphic file (type bmp)
<dcomplex/70.png>
 <a0,fr69>
File: dcomplex/71.png Graphic file (type bmp)
<dcomplex/71.png>
 <a0,fr70>
File: dcomplex/72.png Graphic file (type bmp)
<dcomplex/72.png>
 <a0,fr71>
File: dcomplex/73.png Graphic file (type bmp)
<dcomplex/73.png>
 <a0,fr72>
File: dcomplex/74.png Graphic file (type bmp)
<dcomplex/74.png>
 <a0,fr73>
File: dcomplex/75.png Graphic file (type bmp)
<dcomplex/75.png>
 <a0,fr74>
File: dcomplex/76.png Graphic file (type bmp)
<dcomplex/76.png>
 <a0,fr75>
File: dcomplex/77.png Graphic file (type bmp)
<dcomplex/77.png>
 <a0,fr76>
File: dcomplex/78.png Graphic file (type bmp)
<dcomplex/78.png>
 <a0,fr77>
File: dcomplex/79.png Graphic file (type bmp)
<dcomplex/79.png>
 <a0,fr78>
File: dcomplex/80.png Graphic file (type bmp)
<dcomplex/80.png>
 <a0,fr79>
File: dcomplex/81.png Graphic file (type bmp)
<dcomplex/81.png>
 <a0,fr80>
File: dcomplex/82.png Graphic file (type bmp)
<dcomplex/82.png>
 <a0,fr81>
File: dcomplex/83.png Graphic file (type bmp)
<dcomplex/83.png>
 <a0,fr82>
File: dcomplex/84.png Graphic file (type bmp)
<dcomplex/84.png>
 <a0,fr83>
File: dcomplex/85.png Graphic file (type bmp)
<dcomplex/85.png>
 <a0,fr84>
File: dcomplex/86.png Graphic file (type bmp)
<dcomplex/86.png>
 <a0,fr85>
File: dcomplex/87.png Graphic file (type bmp)
<dcomplex/87.png>
 <a0,fr86>
File: dcomplex/88.png Graphic file (type bmp)
<dcomplex/88.png>
 <a0,fr87>
File: dcomplex/89.png Graphic file (type bmp)
<dcomplex/89.png>
 <a0,fr88>
File: dcomplex/90.png Graphic file (type bmp)
<dcomplex/90.png>
 <a0,fr89>
File: dcomplex/91.png Graphic file (type bmp)
<dcomplex/91.png>
 <a0,fr90>
File: dcomplex/92.png Graphic file (type bmp)
<dcomplex/92.png>
 <a0,fr91>
File: dcomplex/93.png Graphic file (type bmp)
<dcomplex/93.png>
 <a0,fr92>
File: dcomplex/94.png Graphic file (type bmp)
<dcomplex/94.png>
 <a0,fr93>
File: dcomplex/95.png Graphic file (type bmp)
<dcomplex/95.png>
 <a0,fr94>
File: dcomplex/96.png Graphic file (type bmp)
<dcomplex/96.png>
 <a0,fr95>
File: dcomplex/97.png Graphic file (type bmp)
<dcomplex/97.png>
 <a0,fr96>
File: dcomplex/98.png Graphic file (type bmp)
<dcomplex/98.png>
 <a0,fr97>
File: dcomplex/99.png Graphic file (type bmp)
<dcomplex/99.png>
 <a0,fr98>
File: dcomplex/100.png Graphic file (type bmp)
<dcomplex/100.png>
 <a0,fr99>
File: dcomplex/101.png Graphic file (type bmp)
<dcomplex/101.png>
 <a0,fr100>
File: dcomplex/102.png Graphic file (type bmp)
<dcomplex/102.png>
 <a0,fr101>
File: dcomplex/103.png Graphic file (type bmp)
<dcomplex/103.png>
 <a0,fr102>
File: dcomplex/104.png Graphic file (type bmp)
<dcomplex/104.png>
 <a0,fr103>
File: dcomplex/105.png Graphic file (type bmp)
<dcomplex/105.png>
 <a0,fr104>
File: dcomplex/106.png Graphic file (type bmp)
<dcomplex/106.png>
 <a0,fr105>
File: dcomplex/107.png Graphic file (type bmp)
<dcomplex/107.png>
 <a0,fr106>
File: dcomplex/108.png Graphic file (type bmp)
<dcomplex/108.png>
 <a0,fr107>
File: dcomplex/109.png Graphic file (type bmp)
<dcomplex/109.png>
 <a0,fr108>
File: dcomplex/110.png Graphic file (type bmp)
<dcomplex/110.png>
 <a0,fr109>
File: dcomplex/111.png Graphic file (type bmp)
<dcomplex/111.png>
 <a0,fr110>
File: dcomplex/112.png Graphic file (type bmp)
<dcomplex/112.png>
 <a0,fr111>
File: dcomplex/113.png Graphic file (type bmp)
<dcomplex/113.png>
 <a0,fr112>
File: dcomplex/114.png Graphic file (type bmp)
<dcomplex/114.png>
 <a0,fr113>
File: dcomplex/115.png Graphic file (type bmp)
<dcomplex/115.png>
 <a0,fr114>
File: dcomplex/116.png Graphic file (type bmp)
<dcomplex/116.png>
 <a0,fr115>
File: dcomplex/117.png Graphic file (type bmp)
<dcomplex/117.png>
 <a0,fr116>
File: dcomplex/118.png Graphic file (type bmp)
<dcomplex/118.png>
 <a0,fr117>
File: dcomplex/119.png Graphic file (type bmp)
<dcomplex/119.png>
 <a0,fr118>
File: dcomplex/120.png Graphic file (type bmp)
<dcomplex/120.png>
 <a0,fr119>
File: dcomplex/121.png Graphic file (type bmp)
<dcomplex/121.png>
 <a0,fr120>
File: dcomplex/122.png Graphic file (type bmp)
<dcomplex/122.png>
 <a0,fr121>
File: dcomplex/123.png Graphic file (type bmp)
<dcomplex/123.png>
 <a0,fr122>
File: dcomplex/124.png Graphic file (type bmp)
<dcomplex/124.png>
 <a0,fr123>
File: dcomplex/125.png Graphic file (type bmp)
<dcomplex/125.png>
 <a0,fr124>
File: dcomplex/126.png Graphic file (type bmp)
<dcomplex/126.png>
 <a0,fr125>
File: dcomplex/127.png Graphic file (type bmp)
<dcomplex/127.png>
 <a0,fr126>
File: dcomplex/128.png Graphic file (type bmp)
<dcomplex/128.png>
 <a0,fr127>
File: dcomplex/129.png Graphic file (type bmp)
<dcomplex/129.png>
 <a0,fr128>
File: dcomplex/130.png Graphic file (type bmp)
<dcomplex/130.png>
 <a0,fr129>
File: dcomplex/131.png Graphic file (type bmp)
<dcomplex/131.png>
 <a0,fr130>
File: dcomplex/132.png Graphic file (type bmp)
<dcomplex/132.png>
 <a0,fr131>
File: dcomplex/133.png Graphic file (type bmp)
<dcomplex/133.png>
 <a0,fr132>
File: dcomplex/134.png Graphic file (type bmp)
<dcomplex/134.png>
 <a0,fr133>
File: dcomplex/135.png Graphic file (type bmp)
<dcomplex/135.png>
 <a0,fr134>
File: dcomplex/136.png Graphic file (type bmp)
<dcomplex/136.png>
 <a0,fr135>
File: dcomplex/137.png Graphic file (type bmp)
<dcomplex/137.png>
 <a0,fr136>
File: dcomplex/138.png Graphic file (type bmp)
<dcomplex/138.png>
 <a0,fr137>
File: dcomplex/139.png Graphic file (type bmp)
<dcomplex/139.png>
 <a0,fr138>
File: dcomplex/140.png Graphic file (type bmp)
<dcomplex/140.png>
 <a0,fr139>
File: dcomplex/141.png Graphic file (type bmp)
<dcomplex/141.png>
 <a0,fr140>
File: dcomplex/142.png Graphic file (type bmp)
<dcomplex/142.png>
 <a0,fr141>
File: dcomplex/143.png Graphic file (type bmp)
<dcomplex/143.png>
 <a0,fr142>
File: dcomplex/144.png Graphic file (type bmp)
<dcomplex/144.png>
 <a0,fr143>
File: dcomplex/145.png Graphic file (type bmp)
<dcomplex/145.png>
 <a0,fr144>
File: dcomplex/146.png Graphic file (type bmp)
<dcomplex/146.png>
 <a0,fr145>
File: dcomplex/147.png Graphic file (type bmp)
<dcomplex/147.png>
 <a0,fr146>
File: dcomplex/148.png Graphic file (type bmp)
<dcomplex/148.png>
 <a0,fr147>
File: dcomplex/149.png Graphic file (type bmp)
<dcomplex/149.png>
 <a0,fr148>
File: dcomplex/150.png Graphic file (type bmp)
<dcomplex/150.png>
 <a0,fr149>
File: dcomplex/151.png Graphic file (type bmp)
<dcomplex/151.png>
 <a0,fr150>
File: dcomplex/152.png Graphic file (type bmp)
<dcomplex/152.png>
 <a0,fr151>
File: dcomplex/153.png Graphic file (type bmp)
<dcomplex/153.png>
 <a0,fr152>
File: dcomplex/154.png Graphic file (type bmp)
<dcomplex/154.png>
 <a0,fr153>
File: dcomplex/155.png Graphic file (type bmp)
<dcomplex/155.png>
 <a0,fr154>
File: dcomplex/156.png Graphic file (type bmp)
<dcomplex/156.png>
 <a0,fr155>
File: dcomplex/157.png Graphic file (type bmp)
<dcomplex/157.png>
 <a0,fr156>
File: dcomplex/158.png Graphic file (type bmp)
<dcomplex/158.png>
 <a0,fr157>
File: dcomplex/159.png Graphic file (type bmp)
<dcomplex/159.png>
 <a0,fr158>
File: dcomplex/160.png Graphic file (type bmp)
<dcomplex/160.png>
 <a0,fr159>
File: dcomplex/161.png Graphic file (type bmp)
<dcomplex/161.png>
 <a0,fr160>
File: dcomplex/162.png Graphic file (type bmp)
<dcomplex/162.png>
 <a0,fr161>
File: dcomplex/163.png Graphic file (type bmp)
<dcomplex/163.png>
 <a0,fr162>
File: dcomplex/164.png Graphic file (type bmp)
<dcomplex/164.png>
 <a0,fr163>
File: dcomplex/165.png Graphic file (type bmp)
<dcomplex/165.png>
 <a0,fr164>
File: dcomplex/166.png Graphic file (type bmp)
<dcomplex/166.png>
 <a0,fr165>
File: dcomplex/167.png Graphic file (type bmp)
<dcomplex/167.png>
 <a0,fr166>
File: dcomplex/168.png Graphic file (type bmp)
<dcomplex/168.png>
 <a0,fr167>
File: dcomplex/169.png Graphic file (type bmp)
<dcomplex/169.png>
 <a0,fr168>
File: dcomplex/170.png Graphic file (type bmp)
<dcomplex/170.png>
 <a0,fr169>
File: dcomplex/171.png Graphic file (type bmp)
<dcomplex/171.png>
 <a0,fr170>
File: dcomplex/172.png Graphic file (type bmp)
<dcomplex/172.png>
 <a0,fr171>
File: dcomplex/173.png Graphic file (type bmp)
<dcomplex/173.png>
 <a0,fr172>
File: dcomplex/174.png Graphic file (type bmp)
<dcomplex/174.png>
 <a0,fr173>
File: dcomplex/175.png Graphic file (type bmp)
<dcomplex/175.png>
 <a0,fr174>
File: dcomplex/176.png Graphic file (type bmp)
<dcomplex/176.png>
 <a0,fr175>
File: dcomplex/177.png Graphic file (type bmp)
<dcomplex/177.png>
 <a0,fr176>
File: dcomplex/178.png Graphic file (type bmp)
<dcomplex/178.png>
 <a0,fr177>
File: dcomplex/179.png Graphic file (type bmp)
<dcomplex/179.png>
 <a0,fr178>
File: dcomplex/180.png Graphic file (type bmp)
<dcomplex/180.png>
 <a0,fr179>
File: dcomplex/181.png Graphic file (type bmp)
<dcomplex/181.png>
 <a0,fr180>
File: dcomplex/182.png Graphic file (type bmp)
<dcomplex/182.png>
 <a0,fr181>
File: dcomplex/183.png Graphic file (type bmp)
<dcomplex/183.png>
 <a0,fr182>
File: dcomplex/184.png Graphic file (type bmp)
<dcomplex/184.png>
 <a0,fr183>
File: dcomplex/185.png Graphic file (type bmp)
<dcomplex/185.png>
 <a0,fr184>
File: dcomplex/186.png Graphic file (type bmp)
<dcomplex/186.png>
 <a0,fr185>
File: dcomplex/187.png Graphic file (type bmp)
<dcomplex/187.png>
 <a0,fr186>
File: dcomplex/188.png Graphic file (type bmp)
<dcomplex/188.png>
 <a0,fr187>
File: dcomplex/189.png Graphic file (type bmp)
<dcomplex/189.png>
 <a0,fr188>
File: dcomplex/190.png Graphic file (type bmp)
<dcomplex/190.png>
 <a0,fr189>
File: dcomplex/191.png Graphic file (type bmp)
<dcomplex/191.png>
 <a0,fr190>
File: dcomplex/192.png Graphic file (type bmp)
<dcomplex/192.png>
 <a0,fr191>
File: dcomplex/193.png Graphic file (type bmp)
<dcomplex/193.png>
 <a0,fr192>
File: dcomplex/194.png Graphic file (type bmp)
<dcomplex/194.png>
 <a0,fr193>
File: dcomplex/195.png Graphic file (type bmp)
<dcomplex/195.png>
 <a0,fr194>
File: dcomplex/196.png Graphic file (type bmp)
<dcomplex/196.png>
 <a0,fr195>
File: dcomplex/197.png Graphic file (type bmp)
<dcomplex/197.png>
 <a0,fr196>
File: dcomplex/198.png Graphic file (type bmp)
<dcomplex/198.png>
 <a0,fr197>
File: dcomplex/199.png Graphic file (type bmp)
<dcomplex/199.png>
 <a0,fr198>
File: dcomplex/200.png Graphic file (type bmp)
<dcomplex/200.png>
 <a0,fr199>
File: dcomplex/201.png Graphic file (type bmp)
<dcomplex/201.png>
 <a0,fr200>
File: dcomplex/202.png Graphic file (type bmp)
<dcomplex/202.png>
 <a0,fr201>
File: dcomplex/203.png Graphic file (type bmp)
<dcomplex/203.png>
 <a0,fr202>
File: dcomplex/204.png Graphic file (type bmp)
<dcomplex/204.png>
 <a0,fr203>
File: dcomplex/205.png Graphic file (type bmp)
<dcomplex/205.png>
 <a0,fr204>
File: dcomplex/206.png Graphic file (type bmp)
<dcomplex/206.png>
 <a0,fr205>
File: dcomplex/207.png Graphic file (type bmp)
<dcomplex/207.png>
 <a0,fr206>
File: dcomplex/208.png Graphic file (type bmp)
<dcomplex/208.png>
 <a0,fr207>
File: dcomplex/209.png Graphic file (type bmp)
<dcomplex/209.png>
 <a0,fr208>
File: dcomplex/210.png Graphic file (type bmp)
<dcomplex/210.png>
 <a0,fr209>
File: dcomplex/211.png Graphic file (type bmp)
<dcomplex/211.png>
 <a0,fr210>
File: dcomplex/212.png Graphic file (type bmp)
<dcomplex/212.png>
 <a0,fr211>
File: dcomplex/213.png Graphic file (type bmp)
<dcomplex/213.png>
 <a0,fr212>
File: dcomplex/214.png Graphic file (type bmp)
<dcomplex/214.png>
 <a0,fr213>
File: dcomplex/215.png Graphic file (type bmp)
<dcomplex/215.png>
 <a0,fr214>
File: dcomplex/216.png Graphic file (type bmp)
<dcomplex/216.png>
 <a0,fr215>
File: dcomplex/217.png Graphic file (type bmp)
<dcomplex/217.png>
 <a0,fr216>
File: dcomplex/218.png Graphic file (type bmp)
<dcomplex/218.png>
 <a0,fr217>
File: dcomplex/219.png Graphic file (type bmp)
<dcomplex/219.png>
 <a0,fr218>
File: dcomplex/220.png Graphic file (type bmp)
<dcomplex/220.png>
 <a0,fr219>
File: dcomplex/221.png Graphic file (type bmp)
<dcomplex/221.png>
 <a0,fr220>
File: dcomplex/222.png Graphic file (type bmp)
<dcomplex/222.png>
 <a0,fr221>
File: dcomplex/223.png Graphic file (type bmp)
<dcomplex/223.png>
 <a0,fr222>
File: dcomplex/224.png Graphic file (type bmp)
<dcomplex/224.png>
 <a0,fr223>
File: dcomplex/225.png Graphic file (type bmp)
<dcomplex/225.png>
 <a0,fr224>
File: dcomplex/226.png Graphic file (type bmp)
<dcomplex/226.png>
 <a0,fr225>
File: dcomplex/227.png Graphic file (type bmp)
<dcomplex/227.png>
 <a0,fr226>
File: dcomplex/228.png Graphic file (type bmp)
<dcomplex/228.png>
 <a0,fr227>
File: dcomplex/229.png Graphic file (type bmp)
<dcomplex/229.png>
 <a0,fr228>
File: dcomplex/230.png Graphic file (type bmp)
<dcomplex/230.png>
 <a0,fr229>
File: dcomplex/231.png Graphic file (type bmp)
<dcomplex/231.png>
 <a0,fr230>
File: dcomplex/232.png Graphic file (type bmp)
<dcomplex/232.png>
 <a0,fr231>
File: dcomplex/233.png Graphic file (type bmp)
<dcomplex/233.png>
 <a0,fr232>
File: dcomplex/234.png Graphic file (type bmp)
<dcomplex/234.png>
 <a0,fr233>
File: dcomplex/235.png Graphic file (type bmp)
<dcomplex/235.png>
 <a0,fr234>
File: dcomplex/236.png Graphic file (type bmp)
<dcomplex/236.png>
 <a0,fr235>
File: dcomplex/237.png Graphic file (type bmp)
<dcomplex/237.png>
 <a0,fr236>
File: dcomplex/238.png Graphic file (type bmp)
<dcomplex/238.png>
 <a0,fr237>
File: dcomplex/239.png Graphic file (type bmp)
<dcomplex/239.png>
 <a0,fr238>
File: dcomplex/240.png Graphic file (type bmp)
<dcomplex/240.png>
 <a0,fr239>
File: dcomplex/241.png Graphic file (type bmp)
<dcomplex/241.png>
 <a0,fr240>
File: dcomplex/242.png Graphic file (type bmp)
<dcomplex/242.png>
 <a0,fr241>
File: dcomplex/243.png Graphic file (type bmp)
<dcomplex/243.png>
 <a0,fr242>
File: dcomplex/244.png Graphic file (type bmp)
<dcomplex/244.png>
 <a0,fr243>
File: dcomplex/245.png Graphic file (type bmp)
<dcomplex/245.png>
 <a0,fr244>
File: dcomplex/246.png Graphic file (type bmp)
<dcomplex/246.png>
 <a0,fr245>
File: dcomplex/247.png Graphic file (type bmp)
<dcomplex/247.png>
 <a0,fr246>
File: dcomplex/248.png Graphic file (type bmp)
<dcomplex/248.png>
 <a0,fr247>
File: dcomplex/249.png Graphic file (type bmp)
<dcomplex/249.png>
 <a0,fr248>
File: dcomplex/250.png Graphic file (type bmp)
<dcomplex/250.png>
 <a0,fr249>
File: dcomplex/251.png Graphic file (type bmp)
<dcomplex/251.png>
 <a0,fr250>
File: dcomplex/252.png Graphic file (type bmp)
<dcomplex/252.png>
 <a0,fr251>
File: dcomplex/253.png Graphic file (type bmp)
<dcomplex/253.png>
 <a0,fr252>
File: dcomplex/254.png Graphic file (type bmp)
<dcomplex/254.png>
 <a0,fr253>
File: dcomplex/255.png Graphic file (type bmp)
<dcomplex/255.png>
 <a0,fr254>
File: dcomplex/256.png Graphic file (type bmp)
<dcomplex/256.png>
 <a0,fr255>
File: dcomplex/257.png Graphic file (type bmp)
<dcomplex/257.png>
 <a0,fr256>
File: dcomplex/258.png Graphic file (type bmp)
<dcomplex/258.png>
 <a0,fr257>
File: dcomplex/259.png Graphic file (type bmp)
<dcomplex/259.png>
 <a0,fr258>
File: dcomplex/260.png Graphic file (type bmp)
<dcomplex/260.png>
 <a0,fr259>
File: dcomplex/261.png Graphic file (type bmp)
<dcomplex/261.png>
 <a0,fr260>
File: dcomplex/262.png Graphic file (type bmp)
<dcomplex/262.png>
 <a0,fr261>
File: dcomplex/263.png Graphic file (type bmp)
<dcomplex/263.png>
 <a0,fr262>
File: dcomplex/264.png Graphic file (type bmp)
<dcomplex/264.png>
 <a0,fr263>
File: dcomplex/265.png Graphic file (type bmp)
<dcomplex/265.png>
 <a0,fr264>
File: dcomplex/266.png Graphic file (type bmp)
<dcomplex/266.png>
 <a0,fr265>
File: dcomplex/267.png Graphic file (type bmp)
<dcomplex/267.png>
 <a0,fr266>
File: dcomplex/268.png Graphic file (type bmp)
<dcomplex/268.png>
 <a0,fr267>
File: dcomplex/269.png Graphic file (type bmp)
<dcomplex/269.png>
 <a0,fr268>
File: dcomplex/270.png Graphic file (type bmp)
<dcomplex/270.png>
 <a0,fr269>
File: dcomplex/271.png Graphic file (type bmp)
<dcomplex/271.png>
 <a0,fr270>
File: dcomplex/272.png Graphic file (type bmp)
<dcomplex/272.png>
 <a0,fr271>
File: dcomplex/273.png Graphic file (type bmp)
<dcomplex/273.png>
 <a0,fr272>
File: dcomplex/274.png Graphic file (type bmp)
<dcomplex/274.png>
 <a0,fr273>
File: dcomplex/275.png Graphic file (type bmp)
<dcomplex/275.png>
 <a0,fr274>
File: dcomplex/276.png Graphic file (type bmp)
<dcomplex/276.png>
 <a0,fr275>
File: dcomplex/277.png Graphic file (type bmp)
<dcomplex/277.png>
 <a0,fr276>
File: dcomplex/278.png Graphic file (type bmp)
<dcomplex/278.png>
 <a0,fr277>
File: dcomplex/279.png Graphic file (type bmp)
<dcomplex/279.png>
 <a0,fr278>
File: dcomplex/280.png Graphic file (type bmp)
<dcomplex/280.png>
 <a0,fr279>
File: dcomplex/281.png Graphic file (type bmp)
<dcomplex/281.png>
 <a0,fr280>
File: dcomplex/282.png Graphic file (type bmp)
<dcomplex/282.png>
 <a0,fr281>
File: dcomplex/283.png Graphic file (type bmp)
<dcomplex/283.png>
 <a0,fr282>
File: dcomplex/284.png Graphic file (type bmp)
<dcomplex/284.png>
 <a0,fr283>
File: dcomplex/285.png Graphic file (type bmp)
<dcomplex/285.png>
 <a0,fr284>
File: dcomplex/286.png Graphic file (type bmp)
<dcomplex/286.png>
 <a0,fr285>
File: dcomplex/287.png Graphic file (type bmp)
<dcomplex/287.png>
 <a0,fr286>
File: dcomplex/288.png Graphic file (type bmp)
<dcomplex/288.png>
 <a0,fr287>
File: dcomplex/289.png Graphic file (type bmp)
<dcomplex/289.png>
 <a0,fr288>
File: dcomplex/290.png Graphic file (type bmp)
<dcomplex/290.png>
 <a0,fr289>
File: dcomplex/291.png Graphic file (type bmp)
<dcomplex/291.png>
 <a0,fr290>
File: dcomplex/292.png Graphic file (type bmp)
<dcomplex/292.png>
 <a0,fr291>
File: dcomplex/293.png Graphic file (type bmp)
<dcomplex/293.png>
 <a0,fr292>
File: dcomplex/294.png Graphic file (type bmp)
<dcomplex/294.png>
 <a0,fr293>
File: dcomplex/295.png Graphic file (type bmp)
<dcomplex/295.png>
 <a0,fr294>
File: dcomplex/296.png Graphic file (type bmp)
<dcomplex/296.png>
 <a0,fr295>
File: dcomplex/297.png Graphic file (type bmp)
<dcomplex/297.png>
 <a0,fr296>
File: dcomplex/298.png Graphic file (type bmp)
<dcomplex/298.png>
 <a0,fr297>
File: dcomplex/299.png Graphic file (type bmp)
<dcomplex/299.png>
 <a0,fr298>
File: dcomplex/300.png Graphic file (type bmp)
<dcomplex/300.png>
 <a0,fr299>
File: windingnumber.pdf Graphic file (type pdf)
<use windingnumber.pdf>
 [11] [12] [13] (./non-hermitian topological invariant.aux)

LaTeX Font Warning: Size substitutions with differences
(Font)              up to 0.41063pt have occurred.


LaTeX Warning: There were undefined references.


LaTeX Warning: Label(s) may have changed. Rerun to get cross-references right.


LaTeX Warning: Temporary extra page added at the end. Rerun to get it removed.

 ) 
Here is how much of TeX's memory you used:
 31372 strings out of 476919
 668281 string characters out of 5825424
 1267182 words of memory out of 5000000
 50525 multiletter control sequences out of 15000+600000
 414275 words of font info for 103 fonts, out of 8000000 for 9000
 1348 hyphenation exceptions out of 8191
 101i,22n,104p,560b,1607s stack positions out of 5000i,500n,10000p,200000b,80000s

Output written on non-hermitian topological invariant.pdf (13 pages).
